[10-Dec-2017 11:35:41 UTC] PHP Warning:  include(exec/dbconnect.php): failed to open stream: No such file or directory in /home/gfxcom/public_html/subdom/openvk/admin/wat.php on line 3
[10-Dec-2017 11:35:41 UTC] PHP Warning:  include(): Failed opening 'exec/dbconnect.php' for inclusion (include_path='.:/opt/alt/php55/usr/share/pear:/opt/alt/php55/usr/share/php') in /home/gfxcom/public_html/subdom/openvk/admin/wat.php on line 3
[10-Dec-2017 11:35:41 UTC] PHP Warning:  include(exec/check_user.php): failed to open stream: No such file or directory in /home/gfxcom/public_html/subdom/openvk/admin/wat.php on line 4
[10-Dec-2017 11:35:41 UTC] PHP Warning:  include(): Failed opening 'exec/check_user.php' for inclusion (include_path='.:/opt/alt/php55/usr/share/pear:/opt/alt/php55/usr/share/php') in /home/gfxcom/public_html/subdom/openvk/admin/wat.php on line 4
[10-Dec-2017 11:35:41 UTC] PHP Warning:  include(exec/header.php): failed to open stream: No such file or directory in /home/gfxcom/public_html/subdom/openvk/admin/wat.php on line 5
[10-Dec-2017 11:35:41 UTC] PHP Warning:  include(): Failed opening 'exec/header.php' for inclusion (include_path='.:/opt/alt/php55/usr/share/pear:/opt/alt/php55/usr/share/php') in /home/gfxcom/public_html/subdom/openvk/admin/wat.php on line 5
[10-Dec-2017 11:35:41 UTC] PHP Warning:  include(exec/leftmenu.php): failed to open stream: No such file or directory in /home/gfxcom/public_html/subdom/openvk/admin/wat.php on line 6
[10-Dec-2017 11:35:41 UTC] PHP Warning:  include(): Failed opening 'exec/leftmenu.php' for inclusion (include_path='.:/opt/alt/php55/usr/share/pear:/opt/alt/php55/usr/share/php') in /home/gfxcom/public_html/subdom/openvk/admin/wat.php on line 6
[10-Dec-2017 11:35:41 UTC] PHP Notice:  Undefined variable: dbh1 in /home/gfxcom/public_html/subdom/openvk/admin/wat.php on line 8
[10-Dec-2017 11:35:41 UTC] PHP Fatal error:  Call to a member function prepare() on a non-object in /home/gfxcom/public_html/subdom/openvk/admin/wat.php on line 8
[20-Dec-2017 15:32:15 UTC] PHP Warning:  include(exec/dbconnect.php): failed to open stream: No such file or directory in /home/gfxcom/public_html/subdom/openvk/admin/wat.php on line 3
[20-Dec-2017 15:32:15 UTC] PHP Warning:  include(): Failed opening 'exec/dbconnect.php' for inclusion (include_path='.:/opt/alt/php55/usr/share/pear:/opt/alt/php55/usr/share/php') in /home/gfxcom/public_html/subdom/openvk/admin/wat.php on line 3
[20-Dec-2017 15:32:15 UTC] PHP Warning:  include(exec/check_user.php): failed to open stream: No such file or directory in /home/gfxcom/public_html/subdom/openvk/admin/wat.php on line 4
[20-Dec-2017 15:32:15 UTC] PHP Warning:  include(): Failed opening 'exec/check_user.php' for inclusion (include_path='.:/opt/alt/php55/usr/share/pear:/opt/alt/php55/usr/share/php') in /home/gfxcom/public_html/subdom/openvk/admin/wat.php on line 4
[20-Dec-2017 15:32:15 UTC] PHP Warning:  include(exec/header.php): failed to open stream: No such file or directory in /home/gfxcom/public_html/subdom/openvk/admin/wat.php on line 5
[20-Dec-2017 15:32:15 UTC] PHP Warning:  include(): Failed opening 'exec/header.php' for inclusion (include_path='.:/opt/alt/php55/usr/share/pear:/opt/alt/php55/usr/share/php') in /home/gfxcom/public_html/subdom/openvk/admin/wat.php on line 5
[20-Dec-2017 15:32:15 UTC] PHP Warning:  include(exec/leftmenu.php): failed to open stream: No such file or directory in /home/gfxcom/public_html/subdom/openvk/admin/wat.php on line 6
[20-Dec-2017 15:32:15 UTC] PHP Warning:  include(): Failed opening 'exec/leftmenu.php' for inclusion (include_path='.:/opt/alt/php55/usr/share/pear:/opt/alt/php55/usr/share/php') in /home/gfxcom/public_html/subdom/openvk/admin/wat.php on line 6
[20-Dec-2017 15:32:15 UTC] PHP Notice:  Undefined variable: dbh1 in /home/gfxcom/public_html/subdom/openvk/admin/wat.php on line 8
[20-Dec-2017 15:32:15 UTC] PHP Fatal error:  Call to a member function prepare() on a non-object in /home/gfxcom/public_html/subdom/openvk/admin/wat.php on line 8
