[06-Nov-2017 14:14:02 Europe/Moscow] PHP Parse error:  syntax error, unexpected '"' WHERE `club`.`id` = '"' (T_CONSTANT_ENCAPSED_STRING) in /home/g/g96835hj/g96835hj.beget.tech/public_html/openvk/admin/actions/ban_user.php on line 29
[06-Nov-2017 14:15:42 Europe/Moscow] PHP Notice:  Undefined variable: id in /home/g/g96835hj/g96835hj.beget.tech/public_html/openvk/admin/actions/header.php on line 19
[06-Nov-2017 14:19:58 Europe/Moscow] PHP Notice:  Undefined variable: id in /home/g/g96835hj/g96835hj.beget.tech/public_html/openvk/admin/actions/header.php on line 19
[06-Nov-2017 14:20:02 Europe/Moscow] PHP Notice:  Undefined variable: id in /home/g/g96835hj/g96835hj.beget.tech/public_html/openvk/admin/actions/header.php on line 19
[06-Nov-2017 14:20:06 Europe/Moscow] PHP Notice:  Undefined variable: id in /home/g/g96835hj/g96835hj.beget.tech/public_html/openvk/admin/actions/header.php on line 19
[06-Nov-2017 14:20:10 Europe/Moscow] PHP Notice:  Undefined variable: id in /home/g/g96835hj/g96835hj.beget.tech/public_html/openvk/admin/actions/header.php on line 19
[06-Nov-2017 14:20:10 Europe/Moscow] PHP Notice:  Undefined variable: user in /home/g/g96835hj/g96835hj.beget.tech/public_html/openvk/admin/actions/verify.php on line 26
[06-Nov-2017 14:20:14 Europe/Moscow] PHP Notice:  Undefined variable: id in /home/g/g96835hj/g96835hj.beget.tech/public_html/openvk/admin/actions/header.php on line 19
[06-Nov-2017 14:20:14 Europe/Moscow] PHP Notice:  Undefined variable: user in /home/g/g96835hj/g96835hj.beget.tech/public_html/openvk/admin/actions/verify.php on line 26
[06-Nov-2017 14:21:03 Europe/Moscow] PHP Notice:  Undefined variable: id in /home/g/g96835hj/g96835hj.beget.tech/public_html/openvk/admin/actions/header.php on line 19
[06-Nov-2017 14:21:07 Europe/Moscow] PHP Notice:  Undefined variable: id in /home/g/g96835hj/g96835hj.beget.tech/public_html/openvk/admin/actions/header.php on line 19
[06-Nov-2017 14:21:07 Europe/Moscow] PHP Warning:  Cannot modify header information - headers already sent by (output started at /home/g/g96835hj/g96835hj.beget.tech/public_html/openvk/admin/actions/header.php:17) in /home/g/g96835hj/g96835hj.beget.tech/public_html/openvk/admin/actions/verify.php on line 23
[06-Nov-2017 14:21:07 Europe/Moscow] PHP Notice:  Undefined variable: user in /home/g/g96835hj/g96835hj.beget.tech/public_html/openvk/admin/actions/verify.php on line 25
[06-Nov-2017 14:29:16 Europe/Moscow] PHP Notice:  Undefined variable: id in /home/g/g96835hj/g96835hj.beget.tech/public_html/openvk/admin/actions/header.php on line 19
[06-Nov-2017 14:29:20 Europe/Moscow] PHP Parse error:  syntax error, unexpected '"' WHERE `users`.`id` = '"' (T_CONSTANT_ENCAPSED_STRING) in /home/g/g96835hj/g96835hj.beget.tech/public_html/openvk/admin/actions/verify.php on line 26
[06-Nov-2017 14:29:50 Europe/Moscow] PHP Notice:  Undefined variable: id in /home/g/g96835hj/g96835hj.beget.tech/public_html/openvk/admin/actions/header.php on line 19
[06-Nov-2017 14:29:55 Europe/Moscow] PHP Notice:  Undefined variable: id in /home/g/g96835hj/g96835hj.beget.tech/public_html/openvk/admin/actions/header.php on line 19
[06-Nov-2017 14:30:02 Europe/Moscow] PHP Notice:  Undefined variable: id in /home/g/g96835hj/g96835hj.beget.tech/public_html/openvk/admin/actions/header.php on line 19
[06-Nov-2017 14:30:07 Europe/Moscow] PHP Notice:  Undefined variable: id in /home/g/g96835hj/g96835hj.beget.tech/public_html/openvk/admin/actions/header.php on line 19
[06-Nov-2017 14:30:11 Europe/Moscow] PHP Notice:  Undefined variable: id in /home/g/g96835hj/g96835hj.beget.tech/public_html/openvk/admin/actions/header.php on line 19
[06-Nov-2017 14:31:10 Europe/Moscow] PHP Notice:  Undefined variable: id in /home/g/g96835hj/g96835hj.beget.tech/public_html/openvk/admin/actions/header.php on line 19
[06-Nov-2017 14:31:10 Europe/Moscow] PHP Notice:  Undefined variable: user in /home/g/g96835hj/g96835hj.beget.tech/public_html/openvk/admin/actions/group.php on line 26
[06-Nov-2017 14:37:37 Europe/Moscow] PHP Notice:  Undefined variable: id in /home/g/g96835hj/g96835hj.beget.tech/public_html/openvk/admin/actions/header.php on line 19
[06-Nov-2017 14:37:37 Europe/Moscow] PHP Notice:  Undefined variable: user in /home/g/g96835hj/g96835hj.beget.tech/public_html/openvk/admin/actions/group.php on line 26
[06-Nov-2017 17:04:18 Europe/Moscow] PHP Notice:  Undefined variable: id in /home/g/g96835hj/g96835hj.beget.tech/public_html/openvk/admin/actions/header.php on line 19
[06-Nov-2017 17:04:41 Europe/Moscow] PHP Notice:  Undefined variable: id in /home/g/g96835hj/g96835hj.beget.tech/public_html/openvk/admin/actions/header.php on line 19
[06-Nov-2017 17:08:53 Europe/Moscow] PHP Notice:  Undefined variable: id in /home/g/g96835hj/g96835hj.beget.tech/public_html/openvk/admin/actions/header.php on line 19
[06-Nov-2017 17:08:57 Europe/Moscow] PHP Notice:  Undefined variable: id in /home/g/g96835hj/g96835hj.beget.tech/public_html/openvk/admin/actions/header.php on line 19
[06-Nov-2017 17:09:06 Europe/Moscow] PHP Notice:  Undefined variable: id in /home/g/g96835hj/g96835hj.beget.tech/public_html/openvk/admin/actions/header.php on line 19
[06-Nov-2017 22:16:35 Europe/Moscow] PHP Notice:  Undefined variable: id in /home/g/g96835hj/g96835hj.beget.tech/public_html/openvk/admin/actions/header.php on line 19
[06-Nov-2017 22:17:06 Europe/Moscow] PHP Notice:  Undefined variable: id in /home/g/g96835hj/g96835hj.beget.tech/public_html/openvk/admin/actions/header.php on line 19
[06-Nov-2017 22:17:12 Europe/Moscow] PHP Notice:  Undefined variable: id in /home/g/g96835hj/g96835hj.beget.tech/public_html/openvk/admin/actions/header.php on line 19
[06-Nov-2017 22:17:31 Europe/Moscow] PHP Notice:  Undefined variable: id in /home/g/g96835hj/g96835hj.beget.tech/public_html/openvk/admin/actions/header.php on line 19
[06-Nov-2017 22:17:31 Europe/Moscow] PHP Notice:  Undefined variable: user in /home/g/g96835hj/g96835hj.beget.tech/public_html/openvk/admin/actions/group.php on line 26
[06-Nov-2017 22:17:37 Europe/Moscow] PHP Notice:  Undefined variable: id in /home/g/g96835hj/g96835hj.beget.tech/public_html/openvk/admin/actions/header.php on line 19
[06-Nov-2017 22:17:37 Europe/Moscow] PHP Warning:  Cannot modify header information - headers already sent by (output started at /home/g/g96835hj/g96835hj.beget.tech/public_html/openvk/admin/actions/header.php:17) in /home/g/g96835hj/g96835hj.beget.tech/public_html/openvk/admin/actions/group.php on line 24
[06-Nov-2017 22:17:37 Europe/Moscow] PHP Notice:  Undefined variable: user in /home/g/g96835hj/g96835hj.beget.tech/public_html/openvk/admin/actions/group.php on line 26
[06-Nov-2017 22:18:13 Europe/Moscow] PHP Notice:  Undefined variable: id in /home/g/g96835hj/g96835hj.beget.tech/public_html/openvk/admin/actions/header.php on line 19
[06-Nov-2017 22:18:17 Europe/Moscow] PHP Notice:  Undefined variable: id in /home/g/g96835hj/g96835hj.beget.tech/public_html/openvk/admin/actions/header.php on line 19
[06-Nov-2017 22:18:20 Europe/Moscow] PHP Notice:  Undefined variable: id in /home/g/g96835hj/g96835hj.beget.tech/public_html/openvk/admin/actions/header.php on line 19
[06-Nov-2017 22:18:34 Europe/Moscow] PHP Notice:  Undefined variable: id in /home/g/g96835hj/g96835hj.beget.tech/public_html/openvk/admin/actions/header.php on line 19
[06-Nov-2017 22:18:40 Europe/Moscow] PHP Notice:  Undefined variable: id in /home/g/g96835hj/g96835hj.beget.tech/public_html/openvk/admin/actions/header.php on line 19
[06-Nov-2017 22:18:44 Europe/Moscow] PHP Notice:  Undefined variable: id in /home/g/g96835hj/g96835hj.beget.tech/public_html/openvk/admin/actions/header.php on line 19
[06-Nov-2017 22:18:54 Europe/Moscow] PHP Notice:  Undefined variable: id in /home/g/g96835hj/g96835hj.beget.tech/public_html/openvk/admin/actions/header.php on line 19
[06-Nov-2017 22:19:12 Europe/Moscow] PHP Notice:  Undefined variable: id in /home/g/g96835hj/g96835hj.beget.tech/public_html/openvk/admin/actions/header.php on line 19
[06-Nov-2017 22:19:15 Europe/Moscow] PHP Notice:  Undefined variable: id in /home/g/g96835hj/g96835hj.beget.tech/public_html/openvk/admin/actions/header.php on line 19
[06-Nov-2017 22:19:24 Europe/Moscow] PHP Notice:  Undefined variable: id in /home/g/g96835hj/g96835hj.beget.tech/public_html/openvk/admin/actions/header.php on line 19
[06-Nov-2017 22:19:28 Europe/Moscow] PHP Notice:  Undefined variable: id in /home/g/g96835hj/g96835hj.beget.tech/public_html/openvk/admin/actions/header.php on line 19
[06-Nov-2017 22:19:31 Europe/Moscow] PHP Notice:  Undefined variable: id in /home/g/g96835hj/g96835hj.beget.tech/public_html/openvk/admin/actions/header.php on line 19
[06-Nov-2017 22:20:51 Europe/Moscow] PHP Notice:  Undefined variable: id in /home/g/g96835hj/g96835hj.beget.tech/public_html/openvk/admin/actions/header.php on line 19
[06-Nov-2017 22:20:55 Europe/Moscow] PHP Notice:  Undefined variable: id in /home/g/g96835hj/g96835hj.beget.tech/public_html/openvk/admin/actions/header.php on line 19
[06-Nov-2017 22:20:59 Europe/Moscow] PHP Notice:  Undefined variable: id in /home/g/g96835hj/g96835hj.beget.tech/public_html/openvk/admin/actions/header.php on line 19
[06-Nov-2017 22:21:06 Europe/Moscow] PHP Notice:  Undefined variable: id in /home/g/g96835hj/g96835hj.beget.tech/public_html/openvk/admin/actions/header.php on line 19
[06-Nov-2017 22:21:11 Europe/Moscow] PHP Notice:  Undefined variable: id in /home/g/g96835hj/g96835hj.beget.tech/public_html/openvk/admin/actions/header.php on line 19
[06-Nov-2017 22:21:15 Europe/Moscow] PHP Notice:  Undefined variable: id in /home/g/g96835hj/g96835hj.beget.tech/public_html/openvk/admin/actions/header.php on line 19
[06-Nov-2017 22:21:57 Europe/Moscow] PHP Notice:  Undefined variable: id in /home/g/g96835hj/g96835hj.beget.tech/public_html/openvk/admin/actions/header.php on line 19
[06-Nov-2017 22:22:02 Europe/Moscow] PHP Notice:  Undefined variable: id in /home/g/g96835hj/g96835hj.beget.tech/public_html/openvk/admin/actions/header.php on line 19
[06-Nov-2017 22:22:10 Europe/Moscow] PHP Notice:  Undefined variable: id in /home/g/g96835hj/g96835hj.beget.tech/public_html/openvk/admin/actions/header.php on line 19
[06-Nov-2017 22:22:13 Europe/Moscow] PHP Notice:  Undefined variable: id in /home/g/g96835hj/g96835hj.beget.tech/public_html/openvk/admin/actions/header.php on line 19
[06-Nov-2017 22:22:53 Europe/Moscow] PHP Notice:  Undefined variable: id in /home/g/g96835hj/g96835hj.beget.tech/public_html/openvk/admin/actions/header.php on line 19
[06-Nov-2017 22:23:18 Europe/Moscow] PHP Notice:  Undefined variable: id in /home/g/g96835hj/g96835hj.beget.tech/public_html/openvk/admin/actions/header.php on line 19
[06-Nov-2017 22:23:45 Europe/Moscow] PHP Notice:  Undefined variable: id in /home/g/g96835hj/g96835hj.beget.tech/public_html/openvk/admin/actions/header.php on line 19
[06-Nov-2017 22:24:25 Europe/Moscow] PHP Notice:  Undefined variable: id in /home/g/g96835hj/g96835hj.beget.tech/public_html/openvk/admin/actions/header.php on line 19
[06-Nov-2017 22:24:25 Europe/Moscow] PHP Warning:  Cannot modify header information - headers already sent by (output started at /home/g/g96835hj/g96835hj.beget.tech/public_html/openvk/admin/actions/header.php:17) in /home/g/g96835hj/g96835hj.beget.tech/public_html/openvk/admin/actions/group.php on line 24
[06-Nov-2017 22:24:25 Europe/Moscow] PHP Notice:  Undefined variable: user in /home/g/g96835hj/g96835hj.beget.tech/public_html/openvk/admin/actions/group.php on line 26
[06-Nov-2017 22:24:31 Europe/Moscow] PHP Notice:  Undefined variable: id in /home/g/g96835hj/g96835hj.beget.tech/public_html/openvk/admin/actions/header.php on line 19
[06-Nov-2017 22:24:31 Europe/Moscow] PHP Warning:  Cannot modify header information - headers already sent by (output started at /home/g/g96835hj/g96835hj.beget.tech/public_html/openvk/admin/actions/header.php:17) in /home/g/g96835hj/g96835hj.beget.tech/public_html/openvk/admin/actions/group.php on line 24
[06-Nov-2017 22:24:31 Europe/Moscow] PHP Notice:  Undefined variable: user in /home/g/g96835hj/g96835hj.beget.tech/public_html/openvk/admin/actions/group.php on line 26
[06-Nov-2017 22:25:34 Europe/Moscow] PHP Notice:  Undefined variable: id in /home/g/g96835hj/g96835hj.beget.tech/public_html/openvk/admin/actions/header.php on line 19
[06-Nov-2017 22:25:47 Europe/Moscow] PHP Notice:  Undefined variable: id in /home/g/g96835hj/g96835hj.beget.tech/public_html/openvk/admin/actions/header.php on line 19
[06-Nov-2017 22:30:38 Europe/Moscow] PHP Notice:  Undefined variable: id in /home/g/g96835hj/g96835hj.beget.tech/public_html/openvk/admin/actions/header.php on line 19
[06-Nov-2017 22:30:38 Europe/Moscow] PHP Warning:  Cannot modify header information - headers already sent by (output started at /home/g/g96835hj/g96835hj.beget.tech/public_html/openvk/admin/actions/header.php:17) in /home/g/g96835hj/g96835hj.beget.tech/public_html/openvk/admin/actions/group.php on line 24
[06-Nov-2017 22:30:38 Europe/Moscow] PHP Notice:  Undefined variable: user in /home/g/g96835hj/g96835hj.beget.tech/public_html/openvk/admin/actions/group.php on line 26
[06-Nov-2017 22:32:11 Europe/Moscow] PHP Notice:  Undefined variable: id in /home/g/g96835hj/g96835hj.beget.tech/public_html/openvk/admin/actions/header.php on line 19
[06-Nov-2017 22:32:17 Europe/Moscow] PHP Notice:  Undefined variable: id in /home/g/g96835hj/g96835hj.beget.tech/public_html/openvk/admin/actions/header.php on line 19
[06-Nov-2017 22:32:46 Europe/Moscow] PHP Notice:  Undefined variable: id in /home/g/g96835hj/g96835hj.beget.tech/public_html/openvk/admin/actions/header.php on line 19
[07-Nov-2017 00:57:02 Europe/Moscow] PHP Notice:  Undefined variable: id in /home/g/g96835hj/g96835hj.beget.tech/public_html/openvk/admin/actions/header.php on line 19
[07-Nov-2017 00:57:02 Europe/Moscow] PHP Warning:  Cannot modify header information - headers already sent by (output started at /home/g/g96835hj/g96835hj.beget.tech/public_html/openvk/admin/actions/header.php:17) in /home/g/g96835hj/g96835hj.beget.tech/public_html/openvk/admin/actions/group.php on line 24
[07-Nov-2017 00:57:02 Europe/Moscow] PHP Notice:  Undefined variable: user in /home/g/g96835hj/g96835hj.beget.tech/public_html/openvk/admin/actions/group.php on line 26
[07-Nov-2017 00:57:13 Europe/Moscow] PHP Notice:  Undefined variable: id in /home/g/g96835hj/g96835hj.beget.tech/public_html/openvk/admin/actions/header.php on line 19
[07-Nov-2017 00:57:13 Europe/Moscow] PHP Warning:  Cannot modify header information - headers already sent by (output started at /home/g/g96835hj/g96835hj.beget.tech/public_html/openvk/admin/actions/header.php:17) in /home/g/g96835hj/g96835hj.beget.tech/public_html/openvk/admin/actions/group.php on line 24
[07-Nov-2017 00:57:13 Europe/Moscow] PHP Notice:  Undefined variable: user in /home/g/g96835hj/g96835hj.beget.tech/public_html/openvk/admin/actions/group.php on line 26
[07-Nov-2017 00:57:23 Europe/Moscow] PHP Notice:  Undefined variable: id in /home/g/g96835hj/g96835hj.beget.tech/public_html/openvk/admin/actions/header.php on line 19
[07-Nov-2017 00:57:23 Europe/Moscow] PHP Warning:  Cannot modify header information - headers already sent by (output started at /home/g/g96835hj/g96835hj.beget.tech/public_html/openvk/admin/actions/header.php:17) in /home/g/g96835hj/g96835hj.beget.tech/public_html/openvk/admin/actions/group.php on line 24
[07-Nov-2017 00:57:23 Europe/Moscow] PHP Notice:  Undefined variable: user in /home/g/g96835hj/g96835hj.beget.tech/public_html/openvk/admin/actions/group.php on line 26
[07-Nov-2017 00:57:32 Europe/Moscow] PHP Notice:  Undefined variable: id in /home/g/g96835hj/g96835hj.beget.tech/public_html/openvk/admin/actions/header.php on line 19
[07-Nov-2017 00:57:34 Europe/Moscow] PHP Notice:  Undefined variable: id in /home/g/g96835hj/g96835hj.beget.tech/public_html/openvk/admin/actions/header.php on line 19
[07-Nov-2017 00:57:40 Europe/Moscow] PHP Notice:  Undefined variable: id in /home/g/g96835hj/g96835hj.beget.tech/public_html/openvk/admin/actions/header.php on line 19
[07-Nov-2017 00:57:43 Europe/Moscow] PHP Notice:  Undefined variable: id in /home/g/g96835hj/g96835hj.beget.tech/public_html/openvk/admin/actions/header.php on line 19
[07-Nov-2017 00:57:48 Europe/Moscow] PHP Notice:  Undefined variable: id in /home/g/g96835hj/g96835hj.beget.tech/public_html/openvk/admin/actions/header.php on line 19
[07-Nov-2017 00:57:50 Europe/Moscow] PHP Notice:  Undefined variable: id in /home/g/g96835hj/g96835hj.beget.tech/public_html/openvk/admin/actions/header.php on line 19
[07-Nov-2017 09:17:06 Europe/Moscow] PHP Notice:  Undefined variable: id in /home/g/g96835hj/g96835hj.beget.tech/public_html/openvk/admin/actions/header.php on line 19
[07-Nov-2017 09:17:17 Europe/Moscow] PHP Notice:  Undefined variable: id in /home/g/g96835hj/g96835hj.beget.tech/public_html/openvk/admin/actions/header.php on line 19
[07-Nov-2017 09:17:22 Europe/Moscow] PHP Notice:  Undefined variable: id in /home/g/g96835hj/g96835hj.beget.tech/public_html/openvk/admin/actions/header.php on line 19
[07-Nov-2017 09:35:08 Europe/Moscow] PHP Notice:  Undefined variable: id in /home/g/g96835hj/g96835hj.beget.tech/public_html/openvk/admin/actions/header.php on line 19
[07-Nov-2017 09:35:12 Europe/Moscow] PHP Notice:  Undefined variable: id in /home/g/g96835hj/g96835hj.beget.tech/public_html/openvk/admin/actions/header.php on line 19
[07-Nov-2017 09:35:18 Europe/Moscow] PHP Notice:  Undefined variable: id in /home/g/g96835hj/g96835hj.beget.tech/public_html/openvk/admin/actions/header.php on line 19
[07-Nov-2017 09:35:23 Europe/Moscow] PHP Notice:  Undefined variable: id in /home/g/g96835hj/g96835hj.beget.tech/public_html/openvk/admin/actions/header.php on line 19
[07-Nov-2017 09:35:28 Europe/Moscow] PHP Notice:  Undefined variable: id in /home/g/g96835hj/g96835hj.beget.tech/public_html/openvk/admin/actions/header.php on line 19
[07-Nov-2017 09:35:32 Europe/Moscow] PHP Notice:  Undefined variable: id in /home/g/g96835hj/g96835hj.beget.tech/public_html/openvk/admin/actions/header.php on line 19
[07-Nov-2017 10:14:30 Europe/Moscow] PHP Notice:  Undefined variable: id in /home/g/g96835hj/g96835hj.beget.tech/public_html/openvk/admin/actions/header.php on line 19
[07-Nov-2017 10:14:46 Europe/Moscow] PHP Notice:  Undefined variable: id in /home/g/g96835hj/g96835hj.beget.tech/public_html/openvk/admin/actions/header.php on line 19
[07-Nov-2017 10:14:57 Europe/Moscow] PHP Notice:  Undefined variable: id in /home/g/g96835hj/g96835hj.beget.tech/public_html/openvk/admin/actions/header.php on line 19
[07-Nov-2017 10:15:02 Europe/Moscow] PHP Notice:  Undefined variable: id in /home/g/g96835hj/g96835hj.beget.tech/public_html/openvk/admin/actions/header.php on line 19
[07-Nov-2017 10:45:20 Europe/Moscow] PHP Notice:  Undefined variable: id in /home/g/g96835hj/g96835hj.beget.tech/public_html/openvk/admin/actions/header.php on line 19
[07-Nov-2017 10:45:20 Europe/Moscow] PHP Notice:  Undefined variable: user in /home/g/g96835hj/g96835hj.beget.tech/public_html/openvk/admin/actions/group.php on line 26
[07-Nov-2017 10:45:39 Europe/Moscow] PHP Notice:  Undefined variable: id in /home/g/g96835hj/g96835hj.beget.tech/public_html/openvk/admin/actions/header.php on line 19
[07-Nov-2017 10:45:39 Europe/Moscow] PHP Notice:  Undefined variable: user in /home/g/g96835hj/g96835hj.beget.tech/public_html/openvk/admin/actions/group.php on line 26
[07-Nov-2017 10:47:04 Europe/Moscow] PHP Notice:  Undefined variable: id in /home/g/g96835hj/g96835hj.beget.tech/public_html/openvk/admin/actions/header.php on line 19
[07-Nov-2017 10:47:04 Europe/Moscow] PHP Notice:  Undefined variable: user in /home/g/g96835hj/g96835hj.beget.tech/public_html/openvk/admin/actions/group.php on line 26
[07-Nov-2017 11:10:50 Europe/Moscow] PHP Notice:  Undefined variable: id in /home/g/g96835hj/g96835hj.beget.tech/public_html/openvk/admin/actions/header.php on line 19
[07-Nov-2017 11:10:58 Europe/Moscow] PHP Notice:  Undefined variable: id in /home/g/g96835hj/g96835hj.beget.tech/public_html/openvk/admin/actions/header.php on line 19
[07-Nov-2017 11:11:01 Europe/Moscow] PHP Notice:  Undefined variable: id in /home/g/g96835hj/g96835hj.beget.tech/public_html/openvk/admin/actions/header.php on line 19
[07-Nov-2017 11:49:49 Europe/Moscow] PHP Notice:  Undefined variable: id in /home/g/g96835hj/g96835hj.beget.tech/public_html/openvk/admin/actions/header.php on line 19
[07-Nov-2017 11:49:49 Europe/Moscow] PHP Notice:  Undefined variable: user in /home/g/g96835hj/g96835hj.beget.tech/public_html/openvk/admin/actions/group.php on line 26
[07-Nov-2017 11:49:54 Europe/Moscow] PHP Notice:  Undefined variable: id in /home/g/g96835hj/g96835hj.beget.tech/public_html/openvk/admin/actions/header.php on line 19
[07-Nov-2017 11:49:54 Europe/Moscow] PHP Notice:  Undefined variable: user in /home/g/g96835hj/g96835hj.beget.tech/public_html/openvk/admin/actions/group.php on line 26
[07-Nov-2017 13:15:04 Europe/Moscow] PHP Notice:  Undefined variable: id in /home/g/g96835hj/g96835hj.beget.tech/public_html/openvk/admin/actions/header.php on line 19
[07-Nov-2017 13:15:33 Europe/Moscow] PHP Notice:  Undefined variable: id in /home/g/g96835hj/g96835hj.beget.tech/public_html/openvk/admin/actions/header.php on line 19
[07-Nov-2017 13:15:38 Europe/Moscow] PHP Notice:  Undefined variable: id in /home/g/g96835hj/g96835hj.beget.tech/public_html/openvk/admin/actions/header.php on line 19
[07-Nov-2017 13:15:56 Europe/Moscow] PHP Notice:  Undefined variable: id in /home/g/g96835hj/g96835hj.beget.tech/public_html/openvk/admin/actions/header.php on line 19
[07-Nov-2017 13:16:49 Europe/Moscow] PHP Notice:  Undefined variable: id in /home/g/g96835hj/g96835hj.beget.tech/public_html/openvk/admin/actions/header.php on line 19
[07-Nov-2017 13:16:49 Europe/Moscow] PHP Notice:  Undefined variable: user in /home/g/g96835hj/g96835hj.beget.tech/public_html/openvk/admin/actions/group.php on line 26
[07-Nov-2017 13:16:54 Europe/Moscow] PHP Notice:  Undefined variable: id in /home/g/g96835hj/g96835hj.beget.tech/public_html/openvk/admin/actions/header.php on line 19
[07-Nov-2017 13:38:10 Europe/Moscow] PHP Notice:  Undefined variable: id in /home/g/g96835hj/g96835hj.beget.tech/public_html/openvk/admin/actions/header.php on line 19
[07-Nov-2017 13:38:38 Europe/Moscow] PHP Notice:  Undefined variable: id in /home/g/g96835hj/g96835hj.beget.tech/public_html/openvk/admin/actions/header.php on line 19
[07-Nov-2017 14:43:16 Europe/Moscow] PHP Notice:  Undefined variable: id in /home/g/g96835hj/g96835hj.beget.tech/public_html/openvk/admin/actions/header.php on line 19
[07-Nov-2017 14:43:22 Europe/Moscow] PHP Notice:  Undefined variable: id in /home/g/g96835hj/g96835hj.beget.tech/public_html/openvk/admin/actions/header.php on line 19
[07-Nov-2017 14:49:08 Europe/Moscow] PHP Notice:  Undefined variable: id in /home/g/g96835hj/g96835hj.beget.tech/public_html/openvk/admin/actions/header.php on line 19
[07-Nov-2017 14:49:08 Europe/Moscow] PHP Notice:  Undefined variable: user in /home/g/g96835hj/g96835hj.beget.tech/public_html/openvk/admin/actions/group.php on line 26
[07-Nov-2017 14:49:53 Europe/Moscow] PHP Notice:  Undefined variable: id in /home/g/g96835hj/g96835hj.beget.tech/public_html/openvk/admin/actions/header.php on line 19
[07-Nov-2017 14:49:57 Europe/Moscow] PHP Notice:  Undefined variable: id in /home/g/g96835hj/g96835hj.beget.tech/public_html/openvk/admin/actions/header.php on line 19
[07-Nov-2017 14:50:03 Europe/Moscow] PHP Notice:  Undefined variable: id in /home/g/g96835hj/g96835hj.beget.tech/public_html/openvk/admin/actions/header.php on line 19
[07-Nov-2017 14:50:26 Europe/Moscow] PHP Notice:  Undefined variable: id in /home/g/g96835hj/g96835hj.beget.tech/public_html/openvk/admin/actions/header.php on line 19
[07-Nov-2017 14:50:26 Europe/Moscow] PHP Notice:  Undefined variable: user in /home/g/g96835hj/g96835hj.beget.tech/public_html/openvk/admin/actions/group.php on line 26
[07-Nov-2017 14:50:34 Europe/Moscow] PHP Notice:  Undefined variable: id in /home/g/g96835hj/g96835hj.beget.tech/public_html/openvk/admin/actions/header.php on line 19
[07-Nov-2017 14:50:38 Europe/Moscow] PHP Notice:  Undefined variable: id in /home/g/g96835hj/g96835hj.beget.tech/public_html/openvk/admin/actions/header.php on line 19
[07-Nov-2017 14:52:56 Europe/Moscow] PHP Notice:  Undefined variable: id in /home/g/g96835hj/g96835hj.beget.tech/public_html/openvk/admin/actions/header.php on line 19
[07-Nov-2017 14:53:09 Europe/Moscow] PHP Notice:  Undefined variable: id in /home/g/g96835hj/g96835hj.beget.tech/public_html/openvk/admin/actions/header.php on line 19
[08-Nov-2017 16:33:12 Europe/Moscow] PHP Notice:  Undefined variable: id in /home/g/g96835hj/g96835hj.beget.tech/public_html/openvk/admin/actions/header.php on line 19
[08-Nov-2017 16:33:14 Europe/Moscow] PHP Notice:  Undefined variable: id in /home/g/g96835hj/g96835hj.beget.tech/public_html/openvk/admin/actions/header.php on line 19
