[08-Oct-2017 05:31:38 Europe/Moscow] PHP Notice:  Undefined variable: user in /home/g/g96835hj/g96835hj.beget.tech/public_html/openvk/api/getUser.php on line 11
[08-Oct-2017 08:50:16 Europe/Moscow] PHP Notice:  Undefined variable: user in /home/g/g96835hj/g96835hj.beget.tech/public_html/openvk/api/getUser.php on line 11
[08-Oct-2017 11:55:34 Europe/Moscow] PHP Notice:  Undefined variable: user in /home/g/g96835hj/g96835hj.beget.tech/public_html/openvk/api/getUser.php on line 11
[08-Oct-2017 11:56:14 Europe/Moscow] PHP Notice:  Undefined variable: user in /home/g/g96835hj/g96835hj.beget.tech/public_html/openvk/api/getUser.php on line 11
[08-Oct-2017 12:18:12 Europe/Moscow] PHP Parse error:  syntax error, unexpected '$user' (T_VARIABLE), expecting ',' or ';' in /home/g/g96835hj/g96835hj.beget.tech/public_html/openvk/api/getUser.php on line 15
[08-Oct-2017 15:21:51 Europe/Moscow] PHP Notice:  Undefined variable: user in /home/g/g96835hj/g96835hj.beget.tech/public_html/openvk/api/getUser.php on line 12
[08-Oct-2017 18:43:23 Europe/Moscow] PHP Notice:  Undefined variable: user in /home/g/g96835hj/g96835hj.beget.tech/public_html/openvk/api/getUser.php on line 12
[09-Oct-2017 07:07:17 Europe/Moscow] PHP Notice:  Undefined variable: user in /home/g/g96835hj/g96835hj.beget.tech/public_html/openvk/api/getUser.php on line 12
[10-Oct-2017 05:27:36 Europe/Moscow] PHP Notice:  Undefined variable: user in /home/g/g96835hj/g96835hj.beget.tech/public_html/openvk/api/getUser.php on line 12
[10-Oct-2017 05:27:51 Europe/Moscow] PHP Notice:  Undefined variable: user in /home/g/g96835hj/g96835hj.beget.tech/public_html/openvk/api/getUser.php on line 12
[10-Oct-2017 05:28:03 Europe/Moscow] PHP Notice:  Undefined variable: user in /home/g/g96835hj/g96835hj.beget.tech/public_html/openvk/api/getUser.php on line 12
[10-Oct-2017 05:28:09 Europe/Moscow] PHP Notice:  Undefined variable: user in /home/g/g96835hj/g96835hj.beget.tech/public_html/openvk/api/getUser.php on line 12
[10-Oct-2017 05:28:57 Europe/Moscow] PHP Notice:  Undefined variable: user in /home/g/g96835hj/g96835hj.beget.tech/public_html/openvk/api/getUser.php on line 12
[10-Oct-2017 05:29:08 Europe/Moscow] PHP Notice:  Undefined variable: user in /home/g/g96835hj/g96835hj.beget.tech/public_html/openvk/api/getUser.php on line 12
[10-Oct-2017 05:31:45 Europe/Moscow] PHP Notice:  Undefined variable: user in /home/g/g96835hj/g96835hj.beget.tech/public_html/openvk/api/getUser.php on line 12
[10-Oct-2017 05:31:50 Europe/Moscow] PHP Notice:  Undefined variable: user in /home/g/g96835hj/g96835hj.beget.tech/public_html/openvk/api/getUser.php on line 12
[10-Oct-2017 05:31:56 Europe/Moscow] PHP Notice:  Undefined variable: user in /home/g/g96835hj/g96835hj.beget.tech/public_html/openvk/api/getUser.php on line 12
[10-Oct-2017 05:32:08 Europe/Moscow] PHP Notice:  Undefined variable: user in /home/g/g96835hj/g96835hj.beget.tech/public_html/openvk/api/getUser.php on line 12
[10-Oct-2017 05:35:19 Europe/Moscow] PHP Notice:  Undefined variable: user in /home/g/g96835hj/g96835hj.beget.tech/public_html/openvk/api/getUser.php on line 12
[10-Oct-2017 05:35:37 Europe/Moscow] PHP Notice:  Undefined variable: user in /home/g/g96835hj/g96835hj.beget.tech/public_html/openvk/api/getUser.php on line 12
[10-Oct-2017 07:34:39 Europe/Moscow] PHP Notice:  Undefined variable: user in /home/g/g96835hj/g96835hj.beget.tech/public_html/openvk/api/getUser.php on line 12
[10-Oct-2017 07:35:14 Europe/Moscow] PHP Notice:  Undefined variable: user in /home/g/g96835hj/g96835hj.beget.tech/public_html/openvk/api/getUser.php on line 12
[10-Oct-2017 07:35:35 Europe/Moscow] PHP Notice:  Undefined variable: user in /home/g/g96835hj/g96835hj.beget.tech/public_html/openvk/api/getUser.php on line 12
[10-Oct-2017 07:35:45 Europe/Moscow] PHP Notice:  Undefined variable: user in /home/g/g96835hj/g96835hj.beget.tech/public_html/openvk/api/getUser.php on line 12
[10-Oct-2017 07:36:07 Europe/Moscow] PHP Notice:  Undefined variable: user in /home/g/g96835hj/g96835hj.beget.tech/public_html/openvk/api/getUser.php on line 12
[10-Oct-2017 07:39:00 Europe/Moscow] PHP Notice:  Undefined variable: user in /home/g/g96835hj/g96835hj.beget.tech/public_html/openvk/api/getUser.php on line 12
[10-Oct-2017 07:39:04 Europe/Moscow] PHP Notice:  Undefined variable: user in /home/g/g96835hj/g96835hj.beget.tech/public_html/openvk/api/getUser.php on line 12
[10-Oct-2017 07:39:19 Europe/Moscow] PHP Notice:  Undefined variable: user in /home/g/g96835hj/g96835hj.beget.tech/public_html/openvk/api/getUser.php on line 12
[10-Oct-2017 07:39:40 Europe/Moscow] PHP Notice:  Undefined variable: user in /home/g/g96835hj/g96835hj.beget.tech/public_html/openvk/api/getUser.php on line 12
[10-Oct-2017 07:41:46 Europe/Moscow] PHP Notice:  Undefined variable: user in /home/g/g96835hj/g96835hj.beget.tech/public_html/openvk/api/getUser.php on line 12
[10-Oct-2017 07:42:26 Europe/Moscow] PHP Notice:  Undefined variable: user in /home/g/g96835hj/g96835hj.beget.tech/public_html/openvk/api/getUser.php on line 12
[10-Oct-2017 07:47:30 Europe/Moscow] PHP Notice:  Undefined variable: user in /home/g/g96835hj/g96835hj.beget.tech/public_html/openvk/api/getUser.php on line 12
[10-Oct-2017 07:48:00 Europe/Moscow] PHP Notice:  Undefined variable: user in /home/g/g96835hj/g96835hj.beget.tech/public_html/openvk/api/getUser.php on line 12
[10-Oct-2017 07:48:04 Europe/Moscow] PHP Notice:  Undefined variable: user in /home/g/g96835hj/g96835hj.beget.tech/public_html/openvk/api/getUser.php on line 12
[10-Oct-2017 07:48:42 Europe/Moscow] PHP Notice:  Undefined variable: user in /home/g/g96835hj/g96835hj.beget.tech/public_html/openvk/api/getUser.php on line 12
[10-Oct-2017 07:48:50 Europe/Moscow] PHP Notice:  Undefined variable: user in /home/g/g96835hj/g96835hj.beget.tech/public_html/openvk/api/getUser.php on line 12
[10-Oct-2017 07:50:44 Europe/Moscow] PHP Notice:  Undefined variable: user in /home/g/g96835hj/g96835hj.beget.tech/public_html/openvk/api/getUser.php on line 12
[10-Oct-2017 07:55:01 Europe/Moscow] PHP Notice:  Undefined variable: user in /home/g/g96835hj/g96835hj.beget.tech/public_html/openvk/api/getUser.php on line 12
[10-Oct-2017 07:55:24 Europe/Moscow] PHP Notice:  Undefined variable: user in /home/g/g96835hj/g96835hj.beget.tech/public_html/openvk/api/getUser.php on line 12
[10-Oct-2017 07:55:35 Europe/Moscow] PHP Notice:  Undefined variable: user in /home/g/g96835hj/g96835hj.beget.tech/public_html/openvk/api/getUser.php on line 12
[10-Oct-2017 07:55:56 Europe/Moscow] PHP Notice:  Undefined variable: user in /home/g/g96835hj/g96835hj.beget.tech/public_html/openvk/api/getUser.php on line 12
[10-Oct-2017 07:56:01 Europe/Moscow] PHP Notice:  Undefined variable: user in /home/g/g96835hj/g96835hj.beget.tech/public_html/openvk/api/getUser.php on line 12
[10-Oct-2017 07:56:10 Europe/Moscow] PHP Notice:  Undefined variable: user in /home/g/g96835hj/g96835hj.beget.tech/public_html/openvk/api/getUser.php on line 12
[10-Oct-2017 07:56:23 Europe/Moscow] PHP Notice:  Undefined variable: user in /home/g/g96835hj/g96835hj.beget.tech/public_html/openvk/api/getUser.php on line 12
[10-Oct-2017 07:56:35 Europe/Moscow] PHP Notice:  Undefined variable: user in /home/g/g96835hj/g96835hj.beget.tech/public_html/openvk/api/getUser.php on line 12
[10-Oct-2017 07:56:44 Europe/Moscow] PHP Notice:  Undefined variable: user in /home/g/g96835hj/g96835hj.beget.tech/public_html/openvk/api/getUser.php on line 12
[10-Oct-2017 07:56:54 Europe/Moscow] PHP Notice:  Undefined variable: user in /home/g/g96835hj/g96835hj.beget.tech/public_html/openvk/api/getUser.php on line 12
[10-Oct-2017 07:56:56 Europe/Moscow] PHP Notice:  Undefined variable: user in /home/g/g96835hj/g96835hj.beget.tech/public_html/openvk/api/getUser.php on line 12
[10-Oct-2017 07:59:52 Europe/Moscow] PHP Notice:  Undefined variable: user in /home/g/g96835hj/g96835hj.beget.tech/public_html/openvk/api/getUser.php on line 12
[10-Oct-2017 07:59:59 Europe/Moscow] PHP Notice:  Undefined variable: user in /home/g/g96835hj/g96835hj.beget.tech/public_html/openvk/api/getUser.php on line 12
[10-Oct-2017 08:00:18 Europe/Moscow] PHP Notice:  Undefined variable: user in /home/g/g96835hj/g96835hj.beget.tech/public_html/openvk/api/getUser.php on line 12
[10-Oct-2017 08:01:38 Europe/Moscow] PHP Notice:  Undefined variable: user in /home/g/g96835hj/g96835hj.beget.tech/public_html/openvk/api/getUser.php on line 12
[10-Oct-2017 08:06:06 Europe/Moscow] PHP Notice:  Undefined variable: user in /home/g/g96835hj/g96835hj.beget.tech/public_html/openvk/api/getUser.php on line 12
[10-Oct-2017 08:06:17 Europe/Moscow] PHP Notice:  Undefined variable: user in /home/g/g96835hj/g96835hj.beget.tech/public_html/openvk/api/getUser.php on line 12
[10-Oct-2017 08:06:35 Europe/Moscow] PHP Notice:  Undefined variable: user in /home/g/g96835hj/g96835hj.beget.tech/public_html/openvk/api/getUser.php on line 12
[10-Oct-2017 08:10:41 Europe/Moscow] PHP Notice:  Undefined variable: user in /home/g/g96835hj/g96835hj.beget.tech/public_html/openvk/api/getUser.php on line 12
[10-Oct-2017 08:12:10 Europe/Moscow] PHP Notice:  Undefined variable: user in /home/g/g96835hj/g96835hj.beget.tech/public_html/openvk/api/getUser.php on line 12
[10-Oct-2017 08:12:28 Europe/Moscow] PHP Notice:  Undefined variable: user in /home/g/g96835hj/g96835hj.beget.tech/public_html/openvk/api/getUser.php on line 12
[10-Oct-2017 08:12:53 Europe/Moscow] PHP Notice:  Undefined variable: user in /home/g/g96835hj/g96835hj.beget.tech/public_html/openvk/api/getUser.php on line 12
[10-Oct-2017 08:13:25 Europe/Moscow] PHP Notice:  Undefined variable: user in /home/g/g96835hj/g96835hj.beget.tech/public_html/openvk/api/getUser.php on line 12
[10-Oct-2017 08:13:35 Europe/Moscow] PHP Notice:  Undefined variable: user in /home/g/g96835hj/g96835hj.beget.tech/public_html/openvk/api/getUser.php on line 12
[10-Oct-2017 08:13:55 Europe/Moscow] PHP Notice:  Undefined variable: user in /home/g/g96835hj/g96835hj.beget.tech/public_html/openvk/api/getUser.php on line 12
[10-Oct-2017 08:14:25 Europe/Moscow] PHP Notice:  Undefined variable: user in /home/g/g96835hj/g96835hj.beget.tech/public_html/openvk/api/getUser.php on line 12
[10-Oct-2017 08:14:40 Europe/Moscow] PHP Notice:  Undefined variable: user in /home/g/g96835hj/g96835hj.beget.tech/public_html/openvk/api/getUser.php on line 12
[10-Oct-2017 08:15:00 Europe/Moscow] PHP Notice:  Undefined variable: user in /home/g/g96835hj/g96835hj.beget.tech/public_html/openvk/api/getUser.php on line 12
[10-Oct-2017 08:15:52 Europe/Moscow] PHP Notice:  Undefined variable: user in /home/g/g96835hj/g96835hj.beget.tech/public_html/openvk/api/getUser.php on line 12
[10-Oct-2017 08:18:02 Europe/Moscow] PHP Notice:  Undefined variable: user in /home/g/g96835hj/g96835hj.beget.tech/public_html/openvk/api/getUser.php on line 12
[10-Oct-2017 08:18:15 Europe/Moscow] PHP Notice:  Undefined variable: user in /home/g/g96835hj/g96835hj.beget.tech/public_html/openvk/api/getUser.php on line 12
[10-Oct-2017 08:18:28 Europe/Moscow] PHP Notice:  Undefined variable: user in /home/g/g96835hj/g96835hj.beget.tech/public_html/openvk/api/getUser.php on line 12
[10-Oct-2017 08:18:31 Europe/Moscow] PHP Notice:  Undefined variable: user in /home/g/g96835hj/g96835hj.beget.tech/public_html/openvk/api/getUser.php on line 12
[10-Oct-2017 08:20:17 Europe/Moscow] PHP Notice:  Undefined variable: user in /home/g/g96835hj/g96835hj.beget.tech/public_html/openvk/api/getUser.php on line 12
[10-Oct-2017 08:20:27 Europe/Moscow] PHP Notice:  Undefined variable: user in /home/g/g96835hj/g96835hj.beget.tech/public_html/openvk/api/getUser.php on line 12
[10-Oct-2017 08:21:01 Europe/Moscow] PHP Notice:  Undefined variable: user in /home/g/g96835hj/g96835hj.beget.tech/public_html/openvk/api/getUser.php on line 12
[10-Oct-2017 08:21:11 Europe/Moscow] PHP Notice:  Undefined variable: user in /home/g/g96835hj/g96835hj.beget.tech/public_html/openvk/api/getUser.php on line 12
[10-Oct-2017 08:21:23 Europe/Moscow] PHP Notice:  Undefined variable: user in /home/g/g96835hj/g96835hj.beget.tech/public_html/openvk/api/getUser.php on line 12
[10-Oct-2017 08:21:29 Europe/Moscow] PHP Notice:  Undefined variable: user in /home/g/g96835hj/g96835hj.beget.tech/public_html/openvk/api/getUser.php on line 12
[10-Oct-2017 08:21:38 Europe/Moscow] PHP Notice:  Undefined variable: user in /home/g/g96835hj/g96835hj.beget.tech/public_html/openvk/api/getUser.php on line 12
[10-Oct-2017 08:21:52 Europe/Moscow] PHP Notice:  Undefined variable: user in /home/g/g96835hj/g96835hj.beget.tech/public_html/openvk/api/getUser.php on line 12
[10-Oct-2017 08:22:36 Europe/Moscow] PHP Notice:  Undefined variable: user in /home/g/g96835hj/g96835hj.beget.tech/public_html/openvk/api/getUser.php on line 12
[10-Oct-2017 08:22:42 Europe/Moscow] PHP Notice:  Undefined variable: user in /home/g/g96835hj/g96835hj.beget.tech/public_html/openvk/api/getUser.php on line 12
[10-Oct-2017 08:24:19 Europe/Moscow] PHP Notice:  Undefined variable: user in /home/g/g96835hj/g96835hj.beget.tech/public_html/openvk/api/getUser.php on line 12
[10-Oct-2017 08:26:34 Europe/Moscow] PHP Notice:  Undefined variable: user in /home/g/g96835hj/g96835hj.beget.tech/public_html/openvk/api/getUser.php on line 12
[10-Oct-2017 08:28:06 Europe/Moscow] PHP Notice:  Undefined variable: user in /home/g/g96835hj/g96835hj.beget.tech/public_html/openvk/api/getUser.php on line 12
[10-Oct-2017 08:28:08 Europe/Moscow] PHP Notice:  Undefined variable: user in /home/g/g96835hj/g96835hj.beget.tech/public_html/openvk/api/getUser.php on line 12
[10-Oct-2017 08:28:13 Europe/Moscow] PHP Notice:  Undefined variable: user in /home/g/g96835hj/g96835hj.beget.tech/public_html/openvk/api/getUser.php on line 12
[10-Oct-2017 08:31:02 Europe/Moscow] PHP Notice:  Undefined variable: user in /home/g/g96835hj/g96835hj.beget.tech/public_html/openvk/api/getUser.php on line 12
[10-Oct-2017 08:31:27 Europe/Moscow] PHP Notice:  Undefined variable: user in /home/g/g96835hj/g96835hj.beget.tech/public_html/openvk/api/getUser.php on line 12
[10-Oct-2017 08:32:48 Europe/Moscow] PHP Notice:  Undefined variable: user in /home/g/g96835hj/g96835hj.beget.tech/public_html/openvk/api/getUser.php on line 12
[10-Oct-2017 08:32:52 Europe/Moscow] PHP Notice:  Undefined variable: user in /home/g/g96835hj/g96835hj.beget.tech/public_html/openvk/api/getUser.php on line 12
[10-Oct-2017 08:33:07 Europe/Moscow] PHP Notice:  Undefined variable: user in /home/g/g96835hj/g96835hj.beget.tech/public_html/openvk/api/getUser.php on line 12
[10-Oct-2017 08:33:20 Europe/Moscow] PHP Notice:  Undefined variable: user in /home/g/g96835hj/g96835hj.beget.tech/public_html/openvk/api/getUser.php on line 12
[10-Oct-2017 08:33:54 Europe/Moscow] PHP Notice:  Undefined variable: user in /home/g/g96835hj/g96835hj.beget.tech/public_html/openvk/api/getUser.php on line 12
[10-Oct-2017 08:33:57 Europe/Moscow] PHP Notice:  Undefined variable: user in /home/g/g96835hj/g96835hj.beget.tech/public_html/openvk/api/getUser.php on line 12
[10-Oct-2017 08:34:20 Europe/Moscow] PHP Notice:  Undefined variable: user in /home/g/g96835hj/g96835hj.beget.tech/public_html/openvk/api/getUser.php on line 12
[10-Oct-2017 08:34:29 Europe/Moscow] PHP Notice:  Undefined variable: user in /home/g/g96835hj/g96835hj.beget.tech/public_html/openvk/api/getUser.php on line 12
[10-Oct-2017 08:34:45 Europe/Moscow] PHP Notice:  Undefined variable: user in /home/g/g96835hj/g96835hj.beget.tech/public_html/openvk/api/getUser.php on line 12
[10-Oct-2017 08:35:04 Europe/Moscow] PHP Notice:  Undefined variable: user in /home/g/g96835hj/g96835hj.beget.tech/public_html/openvk/api/getUser.php on line 12
[10-Oct-2017 08:35:10 Europe/Moscow] PHP Notice:  Undefined variable: user in /home/g/g96835hj/g96835hj.beget.tech/public_html/openvk/api/getUser.php on line 12
[10-Oct-2017 08:38:52 Europe/Moscow] PHP Notice:  Undefined variable: user in /home/g/g96835hj/g96835hj.beget.tech/public_html/openvk/api/getUser.php on line 12
[10-Oct-2017 08:42:33 Europe/Moscow] PHP Notice:  Undefined variable: user in /home/g/g96835hj/g96835hj.beget.tech/public_html/openvk/api/getUser.php on line 12
[10-Oct-2017 08:42:38 Europe/Moscow] PHP Notice:  Undefined variable: user in /home/g/g96835hj/g96835hj.beget.tech/public_html/openvk/api/getUser.php on line 12
[10-Oct-2017 08:42:45 Europe/Moscow] PHP Notice:  Undefined variable: user in /home/g/g96835hj/g96835hj.beget.tech/public_html/openvk/api/getUser.php on line 12
[10-Oct-2017 08:45:49 Europe/Moscow] PHP Notice:  Undefined variable: user in /home/g/g96835hj/g96835hj.beget.tech/public_html/openvk/api/getUser.php on line 12
[10-Oct-2017 08:45:54 Europe/Moscow] PHP Notice:  Undefined variable: user in /home/g/g96835hj/g96835hj.beget.tech/public_html/openvk/api/getUser.php on line 12
[13-Oct-2017 06:42:37 Europe/Moscow] PHP Notice:  Undefined variable: user in /home/g/g96835hj/g96835hj.beget.tech/public_html/openvk/api/getUser.php on line 12
[13-Oct-2017 06:42:53 Europe/Moscow] PHP Notice:  Undefined variable: user in /home/g/g96835hj/g96835hj.beget.tech/public_html/openvk/api/getUser.php on line 12
[13-Oct-2017 06:43:18 Europe/Moscow] PHP Notice:  Undefined variable: user in /home/g/g96835hj/g96835hj.beget.tech/public_html/openvk/api/getUser.php on line 12
[13-Oct-2017 06:43:19 Europe/Moscow] PHP Notice:  Undefined variable: user in /home/g/g96835hj/g96835hj.beget.tech/public_html/openvk/api/getUser.php on line 12
[13-Oct-2017 06:43:35 Europe/Moscow] PHP Notice:  Undefined variable: user in /home/g/g96835hj/g96835hj.beget.tech/public_html/openvk/api/getUser.php on line 12
[13-Oct-2017 06:45:22 Europe/Moscow] PHP Notice:  Undefined variable: user in /home/g/g96835hj/g96835hj.beget.tech/public_html/openvk/api/getUser.php on line 12
[13-Oct-2017 06:45:27 Europe/Moscow] PHP Notice:  Undefined variable: user in /home/g/g96835hj/g96835hj.beget.tech/public_html/openvk/api/getUser.php on line 12
[13-Oct-2017 06:45:33 Europe/Moscow] PHP Notice:  Undefined variable: user in /home/g/g96835hj/g96835hj.beget.tech/public_html/openvk/api/getUser.php on line 12
[13-Oct-2017 06:45:46 Europe/Moscow] PHP Notice:  Undefined variable: user in /home/g/g96835hj/g96835hj.beget.tech/public_html/openvk/api/getUser.php on line 12
[13-Oct-2017 06:48:06 Europe/Moscow] PHP Notice:  Undefined variable: user in /home/g/g96835hj/g96835hj.beget.tech/public_html/openvk/api/getUser.php on line 12
[13-Oct-2017 06:48:30 Europe/Moscow] PHP Notice:  Undefined variable: user in /home/g/g96835hj/g96835hj.beget.tech/public_html/openvk/api/getUser.php on line 12
[13-Oct-2017 06:52:05 Europe/Moscow] PHP Notice:  Undefined variable: user in /home/g/g96835hj/g96835hj.beget.tech/public_html/openvk/api/getUser.php on line 12
[13-Oct-2017 06:52:24 Europe/Moscow] PHP Notice:  Undefined variable: user in /home/g/g96835hj/g96835hj.beget.tech/public_html/openvk/api/getUser.php on line 12
[13-Oct-2017 06:52:42 Europe/Moscow] PHP Notice:  Undefined variable: user in /home/g/g96835hj/g96835hj.beget.tech/public_html/openvk/api/getUser.php on line 12
[13-Oct-2017 06:53:05 Europe/Moscow] PHP Notice:  Undefined variable: user in /home/g/g96835hj/g96835hj.beget.tech/public_html/openvk/api/getUser.php on line 12
[13-Oct-2017 06:53:18 Europe/Moscow] PHP Notice:  Undefined variable: user in /home/g/g96835hj/g96835hj.beget.tech/public_html/openvk/api/getUser.php on line 12
[13-Oct-2017 06:54:29 Europe/Moscow] PHP Notice:  Undefined variable: user in /home/g/g96835hj/g96835hj.beget.tech/public_html/openvk/api/getUser.php on line 12
[13-Oct-2017 06:56:11 Europe/Moscow] PHP Notice:  Undefined variable: user in /home/g/g96835hj/g96835hj.beget.tech/public_html/openvk/api/getUser.php on line 12
[13-Oct-2017 06:56:17 Europe/Moscow] PHP Notice:  Undefined variable: user in /home/g/g96835hj/g96835hj.beget.tech/public_html/openvk/api/getUser.php on line 12
[13-Oct-2017 06:56:27 Europe/Moscow] PHP Notice:  Undefined variable: user in /home/g/g96835hj/g96835hj.beget.tech/public_html/openvk/api/getUser.php on line 12
[13-Oct-2017 06:56:36 Europe/Moscow] PHP Notice:  Undefined variable: user in /home/g/g96835hj/g96835hj.beget.tech/public_html/openvk/api/getUser.php on line 12
[13-Oct-2017 06:56:40 Europe/Moscow] PHP Notice:  Undefined variable: user in /home/g/g96835hj/g96835hj.beget.tech/public_html/openvk/api/getUser.php on line 12
[13-Oct-2017 06:56:44 Europe/Moscow] PHP Notice:  Undefined variable: user in /home/g/g96835hj/g96835hj.beget.tech/public_html/openvk/api/getUser.php on line 12
[13-Oct-2017 06:56:54 Europe/Moscow] PHP Notice:  Undefined variable: user in /home/g/g96835hj/g96835hj.beget.tech/public_html/openvk/api/getUser.php on line 12
[13-Oct-2017 06:56:57 Europe/Moscow] PHP Notice:  Undefined variable: user in /home/g/g96835hj/g96835hj.beget.tech/public_html/openvk/api/getUser.php on line 12
[13-Oct-2017 06:57:02 Europe/Moscow] PHP Notice:  Undefined variable: user in /home/g/g96835hj/g96835hj.beget.tech/public_html/openvk/api/getUser.php on line 12
[13-Oct-2017 06:57:10 Europe/Moscow] PHP Notice:  Undefined variable: user in /home/g/g96835hj/g96835hj.beget.tech/public_html/openvk/api/getUser.php on line 12
[13-Oct-2017 06:57:20 Europe/Moscow] PHP Notice:  Undefined variable: user in /home/g/g96835hj/g96835hj.beget.tech/public_html/openvk/api/getUser.php on line 12
[13-Oct-2017 06:58:59 Europe/Moscow] PHP Notice:  Undefined variable: user in /home/g/g96835hj/g96835hj.beget.tech/public_html/openvk/api/getUser.php on line 12
[13-Oct-2017 06:59:03 Europe/Moscow] PHP Notice:  Undefined variable: user in /home/g/g96835hj/g96835hj.beget.tech/public_html/openvk/api/getUser.php on line 12
[13-Oct-2017 06:59:10 Europe/Moscow] PHP Notice:  Undefined variable: user in /home/g/g96835hj/g96835hj.beget.tech/public_html/openvk/api/getUser.php on line 12
[13-Oct-2017 07:00:16 Europe/Moscow] PHP Notice:  Undefined variable: user in /home/g/g96835hj/g96835hj.beget.tech/public_html/openvk/api/getUser.php on line 12
[13-Oct-2017 07:02:48 Europe/Moscow] PHP Notice:  Undefined variable: user in /home/g/g96835hj/g96835hj.beget.tech/public_html/openvk/api/getUser.php on line 12
[13-Oct-2017 07:02:59 Europe/Moscow] PHP Notice:  Undefined variable: user in /home/g/g96835hj/g96835hj.beget.tech/public_html/openvk/api/getUser.php on line 12
[13-Oct-2017 07:03:07 Europe/Moscow] PHP Notice:  Undefined variable: user in /home/g/g96835hj/g96835hj.beget.tech/public_html/openvk/api/getUser.php on line 12
[13-Oct-2017 07:05:26 Europe/Moscow] PHP Notice:  Undefined variable: user in /home/g/g96835hj/g96835hj.beget.tech/public_html/openvk/api/getUser.php on line 12
[13-Oct-2017 07:06:02 Europe/Moscow] PHP Notice:  Undefined variable: user in /home/g/g96835hj/g96835hj.beget.tech/public_html/openvk/api/getUser.php on line 12
[13-Oct-2017 07:06:09 Europe/Moscow] PHP Notice:  Undefined variable: user in /home/g/g96835hj/g96835hj.beget.tech/public_html/openvk/api/getUser.php on line 12
[13-Oct-2017 07:06:18 Europe/Moscow] PHP Notice:  Undefined variable: user in /home/g/g96835hj/g96835hj.beget.tech/public_html/openvk/api/getUser.php on line 12
[13-Oct-2017 07:06:20 Europe/Moscow] PHP Notice:  Undefined variable: user in /home/g/g96835hj/g96835hj.beget.tech/public_html/openvk/api/getUser.php on line 12
[13-Oct-2017 07:06:24 Europe/Moscow] PHP Notice:  Undefined variable: user in /home/g/g96835hj/g96835hj.beget.tech/public_html/openvk/api/getUser.php on line 12
[13-Oct-2017 07:06:35 Europe/Moscow] PHP Notice:  Undefined variable: user in /home/g/g96835hj/g96835hj.beget.tech/public_html/openvk/api/getUser.php on line 12
[13-Oct-2017 07:06:50 Europe/Moscow] PHP Notice:  Undefined variable: user in /home/g/g96835hj/g96835hj.beget.tech/public_html/openvk/api/getUser.php on line 12
[13-Oct-2017 07:06:53 Europe/Moscow] PHP Notice:  Undefined variable: user in /home/g/g96835hj/g96835hj.beget.tech/public_html/openvk/api/getUser.php on line 12
[13-Oct-2017 07:07:01 Europe/Moscow] PHP Notice:  Undefined variable: user in /home/g/g96835hj/g96835hj.beget.tech/public_html/openvk/api/getUser.php on line 12
[13-Oct-2017 07:07:32 Europe/Moscow] PHP Notice:  Undefined variable: user in /home/g/g96835hj/g96835hj.beget.tech/public_html/openvk/api/getUser.php on line 12
[13-Oct-2017 07:08:19 Europe/Moscow] PHP Notice:  Undefined variable: user in /home/g/g96835hj/g96835hj.beget.tech/public_html/openvk/api/getUser.php on line 12
[13-Oct-2017 07:08:23 Europe/Moscow] PHP Notice:  Undefined variable: user in /home/g/g96835hj/g96835hj.beget.tech/public_html/openvk/api/getUser.php on line 12
[13-Oct-2017 07:08:29 Europe/Moscow] PHP Notice:  Undefined variable: user in /home/g/g96835hj/g96835hj.beget.tech/public_html/openvk/api/getUser.php on line 12
[13-Oct-2017 07:08:34 Europe/Moscow] PHP Notice:  Undefined variable: user in /home/g/g96835hj/g96835hj.beget.tech/public_html/openvk/api/getUser.php on line 12
[13-Oct-2017 07:09:34 Europe/Moscow] PHP Notice:  Undefined variable: user in /home/g/g96835hj/g96835hj.beget.tech/public_html/openvk/api/getUser.php on line 12
[13-Oct-2017 07:09:39 Europe/Moscow] PHP Notice:  Undefined variable: user in /home/g/g96835hj/g96835hj.beget.tech/public_html/openvk/api/getUser.php on line 12
[13-Oct-2017 07:10:03 Europe/Moscow] PHP Notice:  Undefined variable: user in /home/g/g96835hj/g96835hj.beget.tech/public_html/openvk/api/getUser.php on line 12
[13-Oct-2017 07:10:08 Europe/Moscow] PHP Notice:  Undefined variable: user in /home/g/g96835hj/g96835hj.beget.tech/public_html/openvk/api/getUser.php on line 12
[13-Oct-2017 07:10:13 Europe/Moscow] PHP Notice:  Undefined variable: user in /home/g/g96835hj/g96835hj.beget.tech/public_html/openvk/api/getUser.php on line 12
[13-Oct-2017 07:10:18 Europe/Moscow] PHP Notice:  Undefined variable: user in /home/g/g96835hj/g96835hj.beget.tech/public_html/openvk/api/getUser.php on line 12
[13-Oct-2017 07:10:23 Europe/Moscow] PHP Notice:  Undefined variable: user in /home/g/g96835hj/g96835hj.beget.tech/public_html/openvk/api/getUser.php on line 12
[13-Oct-2017 07:10:27 Europe/Moscow] PHP Notice:  Undefined variable: user in /home/g/g96835hj/g96835hj.beget.tech/public_html/openvk/api/getUser.php on line 12
[13-Oct-2017 07:11:02 Europe/Moscow] PHP Notice:  Undefined variable: user in /home/g/g96835hj/g96835hj.beget.tech/public_html/openvk/api/getUser.php on line 12
[13-Oct-2017 07:11:11 Europe/Moscow] PHP Notice:  Undefined variable: user in /home/g/g96835hj/g96835hj.beget.tech/public_html/openvk/api/getUser.php on line 12
[13-Oct-2017 07:11:55 Europe/Moscow] PHP Notice:  Undefined variable: user in /home/g/g96835hj/g96835hj.beget.tech/public_html/openvk/api/getUser.php on line 12
[13-Oct-2017 07:13:12 Europe/Moscow] PHP Notice:  Undefined variable: user in /home/g/g96835hj/g96835hj.beget.tech/public_html/openvk/api/getUser.php on line 12
[13-Oct-2017 07:15:37 Europe/Moscow] PHP Notice:  Undefined variable: user in /home/g/g96835hj/g96835hj.beget.tech/public_html/openvk/api/getUser.php on line 12
[13-Oct-2017 07:15:38 Europe/Moscow] PHP Notice:  Undefined variable: user in /home/g/g96835hj/g96835hj.beget.tech/public_html/openvk/api/getUser.php on line 12
[13-Oct-2017 07:16:07 Europe/Moscow] PHP Notice:  Undefined variable: user in /home/g/g96835hj/g96835hj.beget.tech/public_html/openvk/api/getUser.php on line 12
[13-Oct-2017 07:17:44 Europe/Moscow] PHP Notice:  Undefined variable: user in /home/g/g96835hj/g96835hj.beget.tech/public_html/openvk/api/getUser.php on line 12
[13-Oct-2017 07:17:56 Europe/Moscow] PHP Notice:  Undefined variable: user in /home/g/g96835hj/g96835hj.beget.tech/public_html/openvk/api/getUser.php on line 12
[13-Oct-2017 07:18:55 Europe/Moscow] PHP Notice:  Undefined variable: user in /home/g/g96835hj/g96835hj.beget.tech/public_html/openvk/api/getUser.php on line 12
[13-Oct-2017 07:19:00 Europe/Moscow] PHP Notice:  Undefined variable: user in /home/g/g96835hj/g96835hj.beget.tech/public_html/openvk/api/getUser.php on line 12
[13-Oct-2017 07:19:05 Europe/Moscow] PHP Notice:  Undefined variable: user in /home/g/g96835hj/g96835hj.beget.tech/public_html/openvk/api/getUser.php on line 12
[13-Oct-2017 07:19:17 Europe/Moscow] PHP Notice:  Undefined variable: user in /home/g/g96835hj/g96835hj.beget.tech/public_html/openvk/api/getUser.php on line 12
[13-Oct-2017 07:19:29 Europe/Moscow] PHP Notice:  Undefined variable: user in /home/g/g96835hj/g96835hj.beget.tech/public_html/openvk/api/getUser.php on line 12
[13-Oct-2017 07:19:31 Europe/Moscow] PHP Notice:  Undefined variable: user in /home/g/g96835hj/g96835hj.beget.tech/public_html/openvk/api/getUser.php on line 12
[13-Oct-2017 07:19:37 Europe/Moscow] PHP Notice:  Undefined variable: user in /home/g/g96835hj/g96835hj.beget.tech/public_html/openvk/api/getUser.php on line 12
[13-Oct-2017 07:19:41 Europe/Moscow] PHP Notice:  Undefined variable: user in /home/g/g96835hj/g96835hj.beget.tech/public_html/openvk/api/getUser.php on line 12
[13-Oct-2017 07:19:51 Europe/Moscow] PHP Notice:  Undefined variable: user in /home/g/g96835hj/g96835hj.beget.tech/public_html/openvk/api/getUser.php on line 12
[13-Oct-2017 07:20:06 Europe/Moscow] PHP Notice:  Undefined variable: user in /home/g/g96835hj/g96835hj.beget.tech/public_html/openvk/api/getUser.php on line 12
[13-Oct-2017 07:20:12 Europe/Moscow] PHP Notice:  Undefined variable: user in /home/g/g96835hj/g96835hj.beget.tech/public_html/openvk/api/getUser.php on line 12
[13-Oct-2017 07:21:52 Europe/Moscow] PHP Notice:  Undefined variable: user in /home/g/g96835hj/g96835hj.beget.tech/public_html/openvk/api/getUser.php on line 12
[13-Oct-2017 07:23:49 Europe/Moscow] PHP Notice:  Undefined variable: user in /home/g/g96835hj/g96835hj.beget.tech/public_html/openvk/api/getUser.php on line 12
[13-Oct-2017 07:23:50 Europe/Moscow] PHP Notice:  Undefined variable: user in /home/g/g96835hj/g96835hj.beget.tech/public_html/openvk/api/getUser.php on line 12
[13-Oct-2017 07:23:59 Europe/Moscow] PHP Notice:  Undefined variable: user in /home/g/g96835hj/g96835hj.beget.tech/public_html/openvk/api/getUser.php on line 12
[13-Oct-2017 07:26:45 Europe/Moscow] PHP Notice:  Undefined variable: user in /home/g/g96835hj/g96835hj.beget.tech/public_html/openvk/api/getUser.php on line 12
[13-Oct-2017 07:26:47 Europe/Moscow] PHP Notice:  Undefined variable: user in /home/g/g96835hj/g96835hj.beget.tech/public_html/openvk/api/getUser.php on line 12
[16-Oct-2017 13:13:42 Europe/Moscow] PHP Notice:  Undefined variable: user in /home/g/g96835hj/g96835hj.beget.tech/public_html/openvk/api/getUser.php on line 12
[21-Oct-2017 08:56:15 Europe/Moscow] PHP Notice:  Undefined variable: user in /home/g/g96835hj/g96835hj.beget.tech/public_html/openvk/api/getUser.php on line 12
[22-Oct-2017 00:51:07 Europe/Moscow] PHP Notice:  Undefined variable: user in /home/g/g96835hj/g96835hj.beget.tech/public_html/openvk/api/getUser.php on line 12
[07-Nov-2017 15:52:32 Europe/Moscow] PHP Notice:  Undefined variable: user in /home/g/g96835hj/g96835hj.beget.tech/public_html/openvk/api/getUser.php on line 12
[22-Nov-2017 10:39:01 UTC] PHP Notice:  Undefined variable: user in /home/gfxcom/public_html/subdom/openvk/api/getUser.php on line 12
[22-Nov-2017 10:39:06 UTC] PHP Warning:  date(): It is not safe to rely on the system's timezone settings. You are *required* to use the date.timezone setting or the date_default_timezone_set() function. In case you used any of those methods and you are still getting this warning, you most likely misspelled the timezone identifier. We selected the timezone 'UTC' for now, but please set date.timezone to select your timezone. in /home/gfxcom/public_html/subdom/openvk/exec/datefn.php on line 183
[22-Nov-2017 10:39:06 UTC] PHP Warning:  date(): It is not safe to rely on the system's timezone settings. You are *required* to use the date.timezone setting or the date_default_timezone_set() function. In case you used any of those methods and you are still getting this warning, you most likely misspelled the timezone identifier. We selected the timezone 'UTC' for now, but please set date.timezone to select your timezone. in /home/gfxcom/public_html/subdom/openvk/exec/datefn.php on line 183
[22-Nov-2017 10:39:06 UTC] PHP Warning:  date(): It is not safe to rely on the system's timezone settings. You are *required* to use the date.timezone setting or the date_default_timezone_set() function. In case you used any of those methods and you are still getting this warning, you most likely misspelled the timezone identifier. We selected the timezone 'UTC' for now, but please set date.timezone to select your timezone. in /home/gfxcom/public_html/subdom/openvk/api/getUser.php on line 17
[22-Nov-2017 10:39:36 UTC] PHP Warning:  date(): It is not safe to rely on the system's timezone settings. You are *required* to use the date.timezone setting or the date_default_timezone_set() function. In case you used any of those methods and you are still getting this warning, you most likely misspelled the timezone identifier. We selected the timezone 'UTC' for now, but please set date.timezone to select your timezone. in /home/gfxcom/public_html/subdom/openvk/exec/datefn.php on line 183
[22-Nov-2017 10:39:36 UTC] PHP Warning:  date(): It is not safe to rely on the system's timezone settings. You are *required* to use the date.timezone setting or the date_default_timezone_set() function. In case you used any of those methods and you are still getting this warning, you most likely misspelled the timezone identifier. We selected the timezone 'UTC' for now, but please set date.timezone to select your timezone. in /home/gfxcom/public_html/subdom/openvk/exec/datefn.php on line 183
[22-Nov-2017 10:39:36 UTC] PHP Warning:  date(): It is not safe to rely on the system's timezone settings. You are *required* to use the date.timezone setting or the date_default_timezone_set() function. In case you used any of those methods and you are still getting this warning, you most likely misspelled the timezone identifier. We selected the timezone 'UTC' for now, but please set date.timezone to select your timezone. in /home/gfxcom/public_html/subdom/openvk/api/getUser.php on line 17
[22-Nov-2017 10:40:26 UTC] PHP Warning:  date(): It is not safe to rely on the system's timezone settings. You are *required* to use the date.timezone setting or the date_default_timezone_set() function. In case you used any of those methods and you are still getting this warning, you most likely misspelled the timezone identifier. We selected the timezone 'UTC' for now, but please set date.timezone to select your timezone. in /home/gfxcom/public_html/subdom/openvk/exec/datefn.php on line 183
[22-Nov-2017 10:40:26 UTC] PHP Warning:  date(): It is not safe to rely on the system's timezone settings. You are *required* to use the date.timezone setting or the date_default_timezone_set() function. In case you used any of those methods and you are still getting this warning, you most likely misspelled the timezone identifier. We selected the timezone 'UTC' for now, but please set date.timezone to select your timezone. in /home/gfxcom/public_html/subdom/openvk/exec/datefn.php on line 183
[22-Nov-2017 10:40:26 UTC] PHP Warning:  date(): It is not safe to rely on the system's timezone settings. You are *required* to use the date.timezone setting or the date_default_timezone_set() function. In case you used any of those methods and you are still getting this warning, you most likely misspelled the timezone identifier. We selected the timezone 'UTC' for now, but please set date.timezone to select your timezone. in /home/gfxcom/public_html/subdom/openvk/api/getUser.php on line 17
[22-Nov-2017 10:40:34 UTC] PHP Warning:  date(): It is not safe to rely on the system's timezone settings. You are *required* to use the date.timezone setting or the date_default_timezone_set() function. In case you used any of those methods and you are still getting this warning, you most likely misspelled the timezone identifier. We selected the timezone 'UTC' for now, but please set date.timezone to select your timezone. in /home/gfxcom/public_html/subdom/openvk/exec/datefn.php on line 183
[22-Nov-2017 10:40:34 UTC] PHP Warning:  date(): It is not safe to rely on the system's timezone settings. You are *required* to use the date.timezone setting or the date_default_timezone_set() function. In case you used any of those methods and you are still getting this warning, you most likely misspelled the timezone identifier. We selected the timezone 'UTC' for now, but please set date.timezone to select your timezone. in /home/gfxcom/public_html/subdom/openvk/exec/datefn.php on line 183
[22-Nov-2017 10:40:34 UTC] PHP Warning:  date(): It is not safe to rely on the system's timezone settings. You are *required* to use the date.timezone setting or the date_default_timezone_set() function. In case you used any of those methods and you are still getting this warning, you most likely misspelled the timezone identifier. We selected the timezone 'UTC' for now, but please set date.timezone to select your timezone. in /home/gfxcom/public_html/subdom/openvk/api/getUser.php on line 17
[22-Nov-2017 10:57:37 UTC] PHP Warning:  date(): It is not safe to rely on the system's timezone settings. You are *required* to use the date.timezone setting or the date_default_timezone_set() function. In case you used any of those methods and you are still getting this warning, you most likely misspelled the timezone identifier. We selected the timezone 'UTC' for now, but please set date.timezone to select your timezone. in /home/gfxcom/public_html/subdom/openvk/exec/datefn.php on line 183
[22-Nov-2017 10:57:37 UTC] PHP Warning:  date(): It is not safe to rely on the system's timezone settings. You are *required* to use the date.timezone setting or the date_default_timezone_set() function. In case you used any of those methods and you are still getting this warning, you most likely misspelled the timezone identifier. We selected the timezone 'UTC' for now, but please set date.timezone to select your timezone. in /home/gfxcom/public_html/subdom/openvk/exec/datefn.php on line 183
[22-Nov-2017 10:57:37 UTC] PHP Warning:  date(): It is not safe to rely on the system's timezone settings. You are *required* to use the date.timezone setting or the date_default_timezone_set() function. In case you used any of those methods and you are still getting this warning, you most likely misspelled the timezone identifier. We selected the timezone 'UTC' for now, but please set date.timezone to select your timezone. in /home/gfxcom/public_html/subdom/openvk/api/getUser.php on line 17
[22-Nov-2017 17:31:56 UTC] PHP Warning:  date(): It is not safe to rely on the system's timezone settings. You are *required* to use the date.timezone setting or the date_default_timezone_set() function. In case you used any of those methods and you are still getting this warning, you most likely misspelled the timezone identifier. We selected the timezone 'UTC' for now, but please set date.timezone to select your timezone. in /home/gfxcom/public_html/subdom/openvk/exec/datefn.php on line 183
[22-Nov-2017 17:31:56 UTC] PHP Warning:  date(): It is not safe to rely on the system's timezone settings. You are *required* to use the date.timezone setting or the date_default_timezone_set() function. In case you used any of those methods and you are still getting this warning, you most likely misspelled the timezone identifier. We selected the timezone 'UTC' for now, but please set date.timezone to select your timezone. in /home/gfxcom/public_html/subdom/openvk/exec/datefn.php on line 183
[22-Nov-2017 17:31:56 UTC] PHP Warning:  date(): It is not safe to rely on the system's timezone settings. You are *required* to use the date.timezone setting or the date_default_timezone_set() function. In case you used any of those methods and you are still getting this warning, you most likely misspelled the timezone identifier. We selected the timezone 'UTC' for now, but please set date.timezone to select your timezone. in /home/gfxcom/public_html/subdom/openvk/api/getUser.php on line 17
[22-Nov-2017 17:32:04 UTC] PHP Warning:  date(): It is not safe to rely on the system's timezone settings. You are *required* to use the date.timezone setting or the date_default_timezone_set() function. In case you used any of those methods and you are still getting this warning, you most likely misspelled the timezone identifier. We selected the timezone 'UTC' for now, but please set date.timezone to select your timezone. in /home/gfxcom/public_html/subdom/openvk/exec/datefn.php on line 183
[22-Nov-2017 17:32:04 UTC] PHP Warning:  date(): It is not safe to rely on the system's timezone settings. You are *required* to use the date.timezone setting or the date_default_timezone_set() function. In case you used any of those methods and you are still getting this warning, you most likely misspelled the timezone identifier. We selected the timezone 'UTC' for now, but please set date.timezone to select your timezone. in /home/gfxcom/public_html/subdom/openvk/exec/datefn.php on line 183
[22-Nov-2017 17:32:04 UTC] PHP Warning:  date(): It is not safe to rely on the system's timezone settings. You are *required* to use the date.timezone setting or the date_default_timezone_set() function. In case you used any of those methods and you are still getting this warning, you most likely misspelled the timezone identifier. We selected the timezone 'UTC' for now, but please set date.timezone to select your timezone. in /home/gfxcom/public_html/subdom/openvk/api/getUserApi2.php on line 15
[22-Nov-2017 17:55:38 UTC] PHP Warning:  date(): It is not safe to rely on the system's timezone settings. You are *required* to use the date.timezone setting or the date_default_timezone_set() function. In case you used any of those methods and you are still getting this warning, you most likely misspelled the timezone identifier. We selected the timezone 'UTC' for now, but please set date.timezone to select your timezone. in /home/gfxcom/public_html/subdom/openvk/exec/datefn.php on line 183
[22-Nov-2017 17:55:38 UTC] PHP Warning:  date(): It is not safe to rely on the system's timezone settings. You are *required* to use the date.timezone setting or the date_default_timezone_set() function. In case you used any of those methods and you are still getting this warning, you most likely misspelled the timezone identifier. We selected the timezone 'UTC' for now, but please set date.timezone to select your timezone. in /home/gfxcom/public_html/subdom/openvk/exec/datefn.php on line 183
[22-Nov-2017 17:55:38 UTC] PHP Warning:  date(): It is not safe to rely on the system's timezone settings. You are *required* to use the date.timezone setting or the date_default_timezone_set() function. In case you used any of those methods and you are still getting this warning, you most likely misspelled the timezone identifier. We selected the timezone 'UTC' for now, but please set date.timezone to select your timezone. in /home/gfxcom/public_html/subdom/openvk/api/getUserApi2.php on line 15
[22-Nov-2017 19:04:52 UTC] PHP Warning:  include(exec/dbconnect.php): failed to open stream: No such file or directory in /home/gfxcom/public_html/subdom/openvk/api/loginInAccount.php on line 3
[22-Nov-2017 19:04:52 UTC] PHP Warning:  include(): Failed opening 'exec/dbconnect.php' for inclusion (include_path='.:/opt/alt/php55/usr/share/pear:/opt/alt/php55/usr/share/php') in /home/gfxcom/public_html/subdom/openvk/api/loginInAccount.php on line 3
[22-Nov-2017 19:04:52 UTC] PHP Notice:  Undefined index: loginin in /home/gfxcom/public_html/subdom/openvk/api/loginInAccount.php on line 4
[22-Nov-2017 19:04:52 UTC] PHP Notice:  Undefined variable: dbh1 in /home/gfxcom/public_html/subdom/openvk/api/loginInAccount.php on line 7
[22-Nov-2017 19:04:52 UTC] PHP Fatal error:  Call to a member function prepare() on a non-object in /home/gfxcom/public_html/subdom/openvk/api/loginInAccount.php on line 7
[22-Nov-2017 19:05:00 UTC] PHP Warning:  include(exec/dbconnect.php): failed to open stream: No such file or directory in /home/gfxcom/public_html/subdom/openvk/api/loginInAccount.php on line 3
[22-Nov-2017 19:05:00 UTC] PHP Warning:  include(): Failed opening 'exec/dbconnect.php' for inclusion (include_path='.:/opt/alt/php55/usr/share/pear:/opt/alt/php55/usr/share/php') in /home/gfxcom/public_html/subdom/openvk/api/loginInAccount.php on line 3
[22-Nov-2017 19:05:00 UTC] PHP Notice:  Undefined index: loginin in /home/gfxcom/public_html/subdom/openvk/api/loginInAccount.php on line 4
[22-Nov-2017 19:05:00 UTC] PHP Notice:  Undefined variable: dbh1 in /home/gfxcom/public_html/subdom/openvk/api/loginInAccount.php on line 7
[22-Nov-2017 19:05:00 UTC] PHP Fatal error:  Call to a member function prepare() on a non-object in /home/gfxcom/public_html/subdom/openvk/api/loginInAccount.php on line 7
[22-Nov-2017 19:21:53 UTC] PHP Warning:  include(exec/dbconnect.php): failed to open stream: No such file or directory in /home/gfxcom/public_html/subdom/openvk/api/loginInAccount.php on line 3
[22-Nov-2017 19:21:53 UTC] PHP Warning:  include(): Failed opening 'exec/dbconnect.php' for inclusion (include_path='.:/opt/alt/php55/usr/share/pear:/opt/alt/php55/usr/share/php') in /home/gfxcom/public_html/subdom/openvk/api/loginInAccount.php on line 3
[22-Nov-2017 19:21:53 UTC] PHP Notice:  Undefined index: loginin in /home/gfxcom/public_html/subdom/openvk/api/loginInAccount.php on line 4
[22-Nov-2017 19:21:53 UTC] PHP Notice:  Undefined variable: dbh1 in /home/gfxcom/public_html/subdom/openvk/api/loginInAccount.php on line 7
[22-Nov-2017 19:21:53 UTC] PHP Fatal error:  Call to a member function prepare() on a non-object in /home/gfxcom/public_html/subdom/openvk/api/loginInAccount.php on line 7
[22-Nov-2017 19:24:17 UTC] PHP Warning:  include(exec/dbconnect.php): failed to open stream: No such file or directory in /home/gfxcom/public_html/subdom/openvk/api/loginInAccount.php on line 3
[22-Nov-2017 19:24:17 UTC] PHP Warning:  include(): Failed opening 'exec/dbconnect.php' for inclusion (include_path='.:/opt/alt/php55/usr/share/pear:/opt/alt/php55/usr/share/php') in /home/gfxcom/public_html/subdom/openvk/api/loginInAccount.php on line 3
[22-Nov-2017 19:24:17 UTC] PHP Notice:  Undefined index: loginin in /home/gfxcom/public_html/subdom/openvk/api/loginInAccount.php on line 4
[22-Nov-2017 19:24:17 UTC] PHP Notice:  Undefined variable: dbh1 in /home/gfxcom/public_html/subdom/openvk/api/loginInAccount.php on line 7
[22-Nov-2017 19:24:17 UTC] PHP Fatal error:  Call to a member function prepare() on a non-object in /home/gfxcom/public_html/subdom/openvk/api/loginInAccount.php on line 7
[22-Nov-2017 19:27:15 UTC] PHP Warning:  include(exec/dbconnect.php): failed to open stream: No such file or directory in /home/gfxcom/public_html/subdom/openvk/api/loginInAccount.php on line 3
[22-Nov-2017 19:27:15 UTC] PHP Warning:  include(): Failed opening 'exec/dbconnect.php' for inclusion (include_path='.:/opt/alt/php55/usr/share/pear:/opt/alt/php55/usr/share/php') in /home/gfxcom/public_html/subdom/openvk/api/loginInAccount.php on line 3
[22-Nov-2017 19:27:15 UTC] PHP Notice:  Undefined index: loginin in /home/gfxcom/public_html/subdom/openvk/api/loginInAccount.php on line 4
[22-Nov-2017 19:27:15 UTC] PHP Notice:  Undefined variable: dbh1 in /home/gfxcom/public_html/subdom/openvk/api/loginInAccount.php on line 7
[22-Nov-2017 19:27:15 UTC] PHP Fatal error:  Call to a member function prepare() on a non-object in /home/gfxcom/public_html/subdom/openvk/api/loginInAccount.php on line 7
[22-Nov-2017 19:27:24 UTC] PHP Warning:  include(exec/dbconnect.php): failed to open stream: No such file or directory in /home/gfxcom/public_html/subdom/openvk/api/loginInAccount.php on line 3
[22-Nov-2017 19:27:24 UTC] PHP Warning:  include(): Failed opening 'exec/dbconnect.php' for inclusion (include_path='.:/opt/alt/php55/usr/share/pear:/opt/alt/php55/usr/share/php') in /home/gfxcom/public_html/subdom/openvk/api/loginInAccount.php on line 3
[22-Nov-2017 19:27:24 UTC] PHP Notice:  Undefined index: loginin in /home/gfxcom/public_html/subdom/openvk/api/loginInAccount.php on line 4
[22-Nov-2017 19:27:24 UTC] PHP Notice:  Undefined variable: dbh1 in /home/gfxcom/public_html/subdom/openvk/api/loginInAccount.php on line 7
[22-Nov-2017 19:27:24 UTC] PHP Fatal error:  Call to a member function prepare() on a non-object in /home/gfxcom/public_html/subdom/openvk/api/loginInAccount.php on line 7
[22-Nov-2017 19:27:32 UTC] PHP Warning:  include(exec/dbconnect.php): failed to open stream: No such file or directory in /home/gfxcom/public_html/subdom/openvk/api/loginInAccount.php on line 3
[22-Nov-2017 19:27:32 UTC] PHP Warning:  include(): Failed opening 'exec/dbconnect.php' for inclusion (include_path='.:/opt/alt/php55/usr/share/pear:/opt/alt/php55/usr/share/php') in /home/gfxcom/public_html/subdom/openvk/api/loginInAccount.php on line 3
[22-Nov-2017 19:27:32 UTC] PHP Notice:  Undefined index: loginin in /home/gfxcom/public_html/subdom/openvk/api/loginInAccount.php on line 4
[22-Nov-2017 19:27:32 UTC] PHP Notice:  Undefined variable: dbh1 in /home/gfxcom/public_html/subdom/openvk/api/loginInAccount.php on line 7
[22-Nov-2017 19:27:32 UTC] PHP Fatal error:  Call to a member function prepare() on a non-object in /home/gfxcom/public_html/subdom/openvk/api/loginInAccount.php on line 7
[22-Nov-2017 19:33:14 UTC] PHP Warning:  include(exec/dbconnect.php): failed to open stream: No such file or directory in /home/gfxcom/public_html/subdom/openvk/api/loginInAccount.php on line 3
[22-Nov-2017 19:33:14 UTC] PHP Warning:  include(): Failed opening 'exec/dbconnect.php' for inclusion (include_path='.:/opt/alt/php55/usr/share/pear:/opt/alt/php55/usr/share/php') in /home/gfxcom/public_html/subdom/openvk/api/loginInAccount.php on line 3
[22-Nov-2017 19:33:14 UTC] PHP Notice:  Undefined index: loginin in /home/gfxcom/public_html/subdom/openvk/api/loginInAccount.php on line 4
[22-Nov-2017 19:33:14 UTC] PHP Notice:  Undefined index: login in /home/gfxcom/public_html/subdom/openvk/api/loginInAccount.php on line 5
[22-Nov-2017 19:33:33 UTC] PHP Warning:  include(exec/dbconnect.php): failed to open stream: No such file or directory in /home/gfxcom/public_html/subdom/openvk/api/loginInAccount.php on line 3
[22-Nov-2017 19:33:33 UTC] PHP Warning:  include(): Failed opening 'exec/dbconnect.php' for inclusion (include_path='.:/opt/alt/php55/usr/share/pear:/opt/alt/php55/usr/share/php') in /home/gfxcom/public_html/subdom/openvk/api/loginInAccount.php on line 3
[22-Nov-2017 19:33:33 UTC] PHP Notice:  Undefined index: loginin in /home/gfxcom/public_html/subdom/openvk/api/loginInAccount.php on line 4
[22-Nov-2017 19:33:33 UTC] PHP Notice:  Undefined variable: dbh1 in /home/gfxcom/public_html/subdom/openvk/api/loginInAccount.php on line 7
[22-Nov-2017 19:33:33 UTC] PHP Fatal error:  Call to a member function prepare() on a non-object in /home/gfxcom/public_html/subdom/openvk/api/loginInAccount.php on line 7
[22-Nov-2017 19:34:01 UTC] PHP Notice:  Undefined index: loginin in /home/gfxcom/public_html/subdom/openvk/api/loginInAccount.php on line 4
[22-Nov-2017 19:34:29 UTC] PHP Notice:  Undefined index: loginin in /home/gfxcom/public_html/subdom/openvk/api/loginInAccount.php on line 4
[22-Nov-2017 19:34:33 UTC] PHP Notice:  Undefined index: loginin in /home/gfxcom/public_html/subdom/openvk/api/loginInAccount.php on line 4
[22-Nov-2017 19:34:35 UTC] PHP Notice:  Undefined index: loginin in /home/gfxcom/public_html/subdom/openvk/api/loginInAccount.php on line 4
[22-Nov-2017 19:34:36 UTC] PHP Notice:  Undefined index: loginin in /home/gfxcom/public_html/subdom/openvk/api/loginInAccount.php on line 4
[22-Nov-2017 19:34:37 UTC] PHP Notice:  Undefined index: loginin in /home/gfxcom/public_html/subdom/openvk/api/loginInAccount.php on line 4
[22-Nov-2017 19:34:37 UTC] PHP Notice:  Undefined index: loginin in /home/gfxcom/public_html/subdom/openvk/api/loginInAccount.php on line 4
[22-Nov-2017 19:34:54 UTC] PHP Notice:  Undefined index: loginin in /home/gfxcom/public_html/subdom/openvk/api/loginInAccount.php on line 4
[22-Nov-2017 19:53:00 UTC] PHP Notice:  Undefined index: loginin in /home/gfxcom/public_html/subdom/openvk/api/loginInAccount.php on line 4
[22-Nov-2017 19:53:26 UTC] PHP Notice:  Undefined index: loginin in /home/gfxcom/public_html/subdom/openvk/api/loginInAccount.php on line 4
[22-Nov-2017 19:53:30 UTC] PHP Notice:  Undefined index: loginin in /home/gfxcom/public_html/subdom/openvk/api/loginInAccount.php on line 4
[22-Nov-2017 19:53:32 UTC] PHP Notice:  Undefined index: loginin in /home/gfxcom/public_html/subdom/openvk/api/loginInAccount.php on line 4
[22-Nov-2017 19:55:28 UTC] PHP Notice:  Undefined index: loginin in /home/gfxcom/public_html/subdom/openvk/api/loginInAccount.php on line 4
[22-Nov-2017 19:55:35 UTC] PHP Notice:  Undefined index: loginin in /home/gfxcom/public_html/subdom/openvk/api/loginInAccount.php on line 4
[22-Nov-2017 19:57:53 UTC] PHP Notice:  Undefined index: loginin in /home/gfxcom/public_html/subdom/openvk/api/loginInAccount.php on line 4
[22-Nov-2017 20:05:57 UTC] PHP Notice:  Undefined index: loginin in /home/gfxcom/public_html/subdom/openvk/api/loginInAccount.php on line 4
[22-Nov-2017 20:24:24 UTC] PHP Notice:  Undefined index: loginin in /home/gfxcom/public_html/subdom/openvk/api/loginInAccount.php on line 4
[22-Nov-2017 20:25:30 UTC] PHP Notice:  Undefined index: loginin in /home/gfxcom/public_html/subdom/openvk/api/loginInAccount.php on line 4
[22-Nov-2017 20:25:47 UTC] PHP Notice:  Undefined index: loginin in /home/gfxcom/public_html/subdom/openvk/api/loginInAccount.php on line 4
[22-Nov-2017 20:25:52 UTC] PHP Notice:  Undefined index: loginin in /home/gfxcom/public_html/subdom/openvk/api/loginInAccount.php on line 4
[22-Nov-2017 21:35:13 UTC] PHP Notice:  Undefined index: loginin in /home/gfxcom/public_html/subdom/openvk/api/loginInAccount.php on line 4
[22-Nov-2017 21:35:16 UTC] PHP Notice:  Undefined index: loginin in /home/gfxcom/public_html/subdom/openvk/api/loginInAccount.php on line 4
[22-Nov-2017 21:35:24 UTC] PHP Notice:  Undefined index: loginin in /home/gfxcom/public_html/subdom/openvk/api/loginInAccount.php on line 4
[22-Nov-2017 22:51:19 UTC] PHP Notice:  Undefined index: loginin in /home/gfxcom/public_html/subdom/openvk/api/loginInAccount.php on line 4
[22-Nov-2017 23:12:29 UTC] PHP Notice:  Undefined index: loginin in /home/gfxcom/public_html/subdom/openvk/api/loginInAccount.php on line 4
[23-Nov-2017 06:55:45 UTC] PHP Notice:  Undefined index: loginin in /home/gfxcom/public_html/subdom/openvk/api/loginInAccount.php on line 4
[23-Nov-2017 06:56:19 UTC] PHP Notice:  Undefined index: loginin in /home/gfxcom/public_html/subdom/openvk/api/loginInAccount.php on line 4
[23-Nov-2017 07:25:28 UTC] PHP Notice:  Undefined index: loginin in /home/gfxcom/public_html/subdom/openvk/api/loginInAccount.php on line 4
[23-Nov-2017 08:16:48 UTC] PHP Notice:  Undefined index: loginin in /home/gfxcom/public_html/subdom/openvk/api/loginInAccount.php on line 4
[23-Nov-2017 08:17:18 UTC] PHP Notice:  Undefined index: loginin in /home/gfxcom/public_html/subdom/openvk/api/loginInAccount.php on line 4
[23-Nov-2017 08:18:32 UTC] PHP Notice:  Undefined index: loginin in /home/gfxcom/public_html/subdom/openvk/api/loginInAccount.php on line 4
[23-Nov-2017 08:18:48 UTC] PHP Notice:  Undefined index: loginin in /home/gfxcom/public_html/subdom/openvk/api/loginInAccount.php on line 4
[23-Nov-2017 08:19:00 UTC] PHP Notice:  Undefined index: loginin in /home/gfxcom/public_html/subdom/openvk/api/loginInAccount.php on line 4
[23-Nov-2017 08:21:51 UTC] PHP Notice:  Undefined index: loginin in /home/gfxcom/public_html/subdom/openvk/api/loginInAccount.php on line 4
[23-Nov-2017 08:35:01 UTC] PHP Notice:  Undefined index: loginin in /home/gfxcom/public_html/subdom/openvk/api/loginInAccount.php on line 4
[23-Nov-2017 08:46:00 UTC] PHP Notice:  Undefined index: loginin in /home/gfxcom/public_html/subdom/openvk/api/loginInAccount.php on line 4
[23-Nov-2017 08:49:06 UTC] PHP Notice:  Undefined index: loginin in /home/gfxcom/public_html/subdom/openvk/api/loginInAccount.php on line 4
[23-Nov-2017 08:49:27 UTC] PHP Notice:  Undefined index: loginin in /home/gfxcom/public_html/subdom/openvk/api/loginInAccount.php on line 4
[23-Nov-2017 09:02:29 UTC] PHP Notice:  Undefined index: loginin in /home/gfxcom/public_html/subdom/openvk/api/loginInAccount.php on line 4
[23-Nov-2017 09:02:32 UTC] PHP Notice:  Undefined index: loginin in /home/gfxcom/public_html/subdom/openvk/api/loginInAccount.php on line 4
[23-Nov-2017 09:02:34 UTC] PHP Notice:  Undefined index: loginin in /home/gfxcom/public_html/subdom/openvk/api/loginInAccount.php on line 4
[23-Nov-2017 09:08:58 UTC] PHP Notice:  Undefined index: loginin in /home/gfxcom/public_html/subdom/openvk/api/loginInAccount.php on line 4
[23-Nov-2017 09:23:51 UTC] PHP Notice:  Undefined index: loginin in /home/gfxcom/public_html/subdom/openvk/api/loginInAccount.php on line 4
[23-Nov-2017 11:22:34 UTC] PHP Notice:  Undefined index: loginin in /home/gfxcom/public_html/subdom/openvk/api/loginInAccount.php on line 4
[23-Nov-2017 22:09:17 UTC] PHP Notice:  Undefined index: loginin in /home/gfxcom/public_html/subdom/openvk/api/loginInAccount.php on line 4
[23-Nov-2017 22:09:17 UTC] PHP Notice:  Undefined index: login in /home/gfxcom/public_html/subdom/openvk/api/loginInAccount.php on line 5
[23-Nov-2017 22:09:18 UTC] PHP Notice:  Undefined variable: user in /home/gfxcom/public_html/subdom/openvk/api/getUserApi2.php on line 13
[23-Nov-2017 22:09:19 UTC] PHP Notice:  Undefined variable: user in /home/gfxcom/public_html/subdom/openvk/api/getUser.php on line 12
[24-Nov-2017 00:03:31 UTC] PHP Notice:  Undefined index: loginin in /home/gfxcom/public_html/subdom/openvk/api/loginInAccount.php on line 4
[25-Nov-2017 10:00:35 UTC] PHP Notice:  Undefined index: loginin in /home/gfxcom/public_html/subdom/openvk/api/loginInAccount.php on line 4
[26-Nov-2017 07:25:58 UTC] PHP Notice:  Undefined variable: user in /home/gfxcom/public_html/subdom/openvk/api/getUser.php on line 12
[26-Nov-2017 07:26:37 UTC] PHP Notice:  Undefined index: loginin in /home/gfxcom/public_html/subdom/openvk/api/loginInAccount.php on line 4
[26-Nov-2017 07:26:37 UTC] PHP Notice:  Undefined index: login in /home/gfxcom/public_html/subdom/openvk/api/loginInAccount.php on line 5
[26-Nov-2017 07:27:16 UTC] PHP Notice:  Undefined variable: user in /home/gfxcom/public_html/subdom/openvk/api/getUserApi2.php on line 13
[30-Nov-2017 09:41:11 UTC] PHP Notice:  Undefined index: loginin in /home/gfxcom/public_html/subdom/openvk/api/loginInAccount.php on line 4
[30-Nov-2017 09:41:21 UTC] PHP Notice:  Undefined index: loginin in /home/gfxcom/public_html/subdom/openvk/api/loginInAccount.php on line 4
[30-Nov-2017 09:41:24 UTC] PHP Notice:  Undefined index: loginin in /home/gfxcom/public_html/subdom/openvk/api/loginInAccount.php on line 4
[30-Nov-2017 13:01:34 UTC] PHP Notice:  Undefined variable: user in /home/gfxcom/public_html/subdom/openvk/api/getUser.php on line 12
[30-Nov-2017 13:02:46 UTC] PHP Notice:  Undefined variable: user in /home/gfxcom/public_html/subdom/openvk/api/getUserApi2.php on line 13
[30-Nov-2017 13:02:51 UTC] PHP Notice:  Undefined index: loginin in /home/gfxcom/public_html/subdom/openvk/api/loginInAccount.php on line 4
[30-Nov-2017 13:02:51 UTC] PHP Notice:  Undefined index: login in /home/gfxcom/public_html/subdom/openvk/api/loginInAccount.php on line 5
[30-Nov-2017 22:09:20 UTC] PHP Notice:  Undefined index: loginin in /home/gfxcom/public_html/subdom/openvk/api/loginInAccount.php on line 4
[30-Nov-2017 22:09:20 UTC] PHP Notice:  Undefined index: login in /home/gfxcom/public_html/subdom/openvk/api/loginInAccount.php on line 5
[30-Nov-2017 22:09:21 UTC] PHP Notice:  Undefined variable: user in /home/gfxcom/public_html/subdom/openvk/api/getUserApi2.php on line 13
[30-Nov-2017 22:09:22 UTC] PHP Notice:  Undefined variable: user in /home/gfxcom/public_html/subdom/openvk/api/getUser.php on line 12
[01-Dec-2017 13:04:32 UTC] PHP Notice:  Undefined index: loginin in /home/gfxcom/public_html/subdom/openvk/api/loginInAccount.php on line 4
[01-Dec-2017 13:04:32 UTC] PHP Notice:  Undefined index: login in /home/gfxcom/public_html/subdom/openvk/api/loginInAccount.php on line 5
[02-Dec-2017 19:08:11 UTC] PHP Notice:  Undefined index: loginin in /home/gfxcom/public_html/subdom/openvk/api/loginInAccount.php on line 4
[02-Dec-2017 19:08:17 UTC] PHP Notice:  Undefined index: loginin in /home/gfxcom/public_html/subdom/openvk/api/loginInAccount.php on line 4
[03-Dec-2017 12:41:16 UTC] PHP Notice:  Undefined index: loginin in /home/gfxcom/public_html/subdom/openvk/api/loginInAccount.php on line 4
[03-Dec-2017 12:49:59 UTC] PHP Notice:  Undefined index: loginin in /home/gfxcom/public_html/subdom/openvk/api/loginInAccount.php on line 4
[04-Dec-2017 03:04:23 UTC] PHP Notice:  Undefined index: loginin in /home/gfxcom/public_html/subdom/openvk/api/loginInAccount.php on line 4
[04-Dec-2017 03:04:56 UTC] PHP Notice:  Undefined index: loginin in /home/gfxcom/public_html/subdom/openvk/api/loginInAccount.php on line 4
[04-Dec-2017 19:49:41 UTC] PHP Notice:  Undefined index: loginin in /home/gfxcom/public_html/subdom/openvk/api/loginInAccount.php on line 4
[05-Dec-2017 15:37:14 UTC] PHP Notice:  Undefined variable: user in /home/gfxcom/public_html/subdom/openvk/api/getUser.php on line 12
[05-Dec-2017 19:58:58 UTC] PHP Notice:  Undefined index: loginin in /home/gfxcom/public_html/subdom/openvk/api/loginInAccount.php on line 4
[07-Dec-2017 22:09:19 UTC] PHP Notice:  Undefined index: loginin in /home/gfxcom/public_html/subdom/openvk/api/loginInAccount.php on line 4
[07-Dec-2017 22:09:19 UTC] PHP Notice:  Undefined index: login in /home/gfxcom/public_html/subdom/openvk/api/loginInAccount.php on line 5
[07-Dec-2017 22:09:19 UTC] PHP Notice:  Undefined index: loginin in /home/gfxcom/public_html/subdom/openvk/api/loginInAccount.php on line 4
[07-Dec-2017 22:09:19 UTC] PHP Notice:  Undefined index: login in /home/gfxcom/public_html/subdom/openvk/api/loginInAccount.php on line 5
[07-Dec-2017 22:09:19 UTC] PHP Notice:  Undefined variable: user in /home/gfxcom/public_html/subdom/openvk/api/getUserApi2.php on line 13
[07-Dec-2017 22:09:19 UTC] PHP Notice:  Undefined variable: user in /home/gfxcom/public_html/subdom/openvk/api/getUserApi2.php on line 13
[07-Dec-2017 22:09:19 UTC] PHP Notice:  Undefined variable: user in /home/gfxcom/public_html/subdom/openvk/api/getUser.php on line 12
[07-Dec-2017 22:09:20 UTC] PHP Notice:  Undefined index: loginin in /home/gfxcom/public_html/subdom/openvk/api/loginInAccount.php on line 4
[07-Dec-2017 22:09:20 UTC] PHP Notice:  Undefined index: login in /home/gfxcom/public_html/subdom/openvk/api/loginInAccount.php on line 5
[07-Dec-2017 22:09:20 UTC] PHP Notice:  Undefined variable: user in /home/gfxcom/public_html/subdom/openvk/api/getUser.php on line 12
[07-Dec-2017 22:09:20 UTC] PHP Notice:  Undefined variable: user in /home/gfxcom/public_html/subdom/openvk/api/getUserApi2.php on line 13
[07-Dec-2017 22:09:21 UTC] PHP Notice:  Undefined variable: user in /home/gfxcom/public_html/subdom/openvk/api/getUser.php on line 12
[08-Dec-2017 21:39:35 UTC] PHP Notice:  Undefined variable: user in /home/gfxcom/public_html/subdom/openvk/api/getUser.php on line 12
[09-Dec-2017 09:35:04 UTC] PHP Notice:  Undefined variable: user in /home/gfxcom/public_html/subdom/openvk/api/getUser.php on line 12
[14-Dec-2017 22:09:19 UTC] PHP Notice:  Undefined index: loginin in /home/gfxcom/public_html/subdom/openvk/api/loginInAccount.php on line 4
[14-Dec-2017 22:09:20 UTC] PHP Notice:  Undefined index: login in /home/gfxcom/public_html/subdom/openvk/api/loginInAccount.php on line 5
[14-Dec-2017 22:09:20 UTC] PHP Notice:  Undefined variable: user in /home/gfxcom/public_html/subdom/openvk/api/getUserApi2.php on line 13
[14-Dec-2017 22:09:20 UTC] PHP Notice:  Undefined variable: user in /home/gfxcom/public_html/subdom/openvk/api/getUser.php on line 12
[14-Dec-2017 22:10:07 UTC] PHP Notice:  Undefined index: loginin in /home/gfxcom/public_html/subdom/openvk/api/loginInAccount.php on line 4
[14-Dec-2017 22:10:07 UTC] PHP Notice:  Undefined index: login in /home/gfxcom/public_html/subdom/openvk/api/loginInAccount.php on line 5
[14-Dec-2017 22:10:08 UTC] PHP Notice:  Undefined variable: user in /home/gfxcom/public_html/subdom/openvk/api/getUserApi2.php on line 13
[14-Dec-2017 22:10:09 UTC] PHP Notice:  Undefined variable: user in /home/gfxcom/public_html/subdom/openvk/api/getUser.php on line 12
[14-Dec-2017 22:16:07 UTC] PHP Notice:  Undefined index: loginin in /home/gfxcom/public_html/subdom/openvk/api/loginInAccount.php on line 4
[14-Dec-2017 22:16:07 UTC] PHP Notice:  Undefined index: login in /home/gfxcom/public_html/subdom/openvk/api/loginInAccount.php on line 5
[14-Dec-2017 22:16:07 UTC] PHP Notice:  Undefined variable: user in /home/gfxcom/public_html/subdom/openvk/api/getUserApi2.php on line 13
[14-Dec-2017 22:16:08 UTC] PHP Notice:  Undefined variable: user in /home/gfxcom/public_html/subdom/openvk/api/getUser.php on line 12
[15-Dec-2017 18:00:04 UTC] PHP Notice:  Undefined index: loginin in /home/gfxcom/public_html/subdom/openvk/api/loginInAccount.php on line 4
[16-Dec-2017 07:47:03 UTC] PHP Notice:  Undefined variable: user in /home/gfxcom/public_html/subdom/openvk/api/getUser.php on line 12
[16-Dec-2017 20:47:38 UTC] PHP Notice:  Undefined index: loginin in /home/gfxcom/public_html/subdom/openvk/api/loginInAccount.php on line 4
[16-Dec-2017 20:47:46 UTC] PHP Notice:  Undefined index: loginin in /home/gfxcom/public_html/subdom/openvk/api/loginInAccount.php on line 4
[16-Dec-2017 20:47:58 UTC] PHP Notice:  Undefined index: loginin in /home/gfxcom/public_html/subdom/openvk/api/loginInAccount.php on line 4
[16-Dec-2017 20:48:00 UTC] PHP Notice:  Undefined index: loginin in /home/gfxcom/public_html/subdom/openvk/api/loginInAccount.php on line 4
[16-Dec-2017 20:48:15 UTC] PHP Notice:  Undefined index: loginin in /home/gfxcom/public_html/subdom/openvk/api/loginInAccount.php on line 4
[22-Dec-2017 09:10:46 UTC] PHP Notice:  Undefined index: loginin in /home/gfxcom/public_html/subdom/openvk/api/loginInAccount.php on line 4
[22-Dec-2017 09:10:46 UTC] PHP Notice:  Undefined index: login in /home/gfxcom/public_html/subdom/openvk/api/loginInAccount.php on line 5
[22-Dec-2017 09:10:46 UTC] PHP Notice:  Undefined variable: user in /home/gfxcom/public_html/subdom/openvk/api/getUserApi2.php on line 13
[22-Dec-2017 09:10:46 UTC] PHP Notice:  Undefined index: loginin in /home/gfxcom/public_html/subdom/openvk/api/loginInAccount.php on line 4
[22-Dec-2017 09:10:46 UTC] PHP Notice:  Undefined index: login in /home/gfxcom/public_html/subdom/openvk/api/loginInAccount.php on line 5
[22-Dec-2017 09:10:47 UTC] PHP Notice:  Undefined variable: user in /home/gfxcom/public_html/subdom/openvk/api/getUser.php on line 12
[22-Dec-2017 09:10:47 UTC] PHP Notice:  Undefined variable: user in /home/gfxcom/public_html/subdom/openvk/api/getUserApi2.php on line 13
[22-Dec-2017 09:10:47 UTC] PHP Notice:  Undefined index: loginin in /home/gfxcom/public_html/subdom/openvk/api/loginInAccount.php on line 4
[22-Dec-2017 09:10:47 UTC] PHP Notice:  Undefined index: login in /home/gfxcom/public_html/subdom/openvk/api/loginInAccount.php on line 5
[22-Dec-2017 09:10:47 UTC] PHP Notice:  Undefined variable: user in /home/gfxcom/public_html/subdom/openvk/api/getUser.php on line 12
[22-Dec-2017 09:10:48 UTC] PHP Notice:  Undefined variable: user in /home/gfxcom/public_html/subdom/openvk/api/getUserApi2.php on line 13
[22-Dec-2017 09:10:49 UTC] PHP Notice:  Undefined variable: user in /home/gfxcom/public_html/subdom/openvk/api/getUser.php on line 12
[23-Dec-2017 16:12:59 UTC] PHP Notice:  Undefined variable: user in /home/gfxcom/public_html/subdom/openvk/api/getUserApi2.php on line 13
[23-Dec-2017 16:13:02 UTC] PHP Notice:  Undefined variable: user in /home/gfxcom/public_html/subdom/openvk/api/getUser.php on line 12
[05-Jan-2018 18:20:00 UTC] PHP Notice:  Undefined index: loginin in /home/gfxcom/public_html/subdom/openvk/api/loginInAccount.php on line 4
[05-Jan-2018 18:42:43 UTC] PHP Notice:  Undefined index: loginin in /home/gfxcom/public_html/subdom/openvk/api/loginInAccount.php on line 4
[05-Jan-2018 18:42:43 UTC] PHP Notice:  Undefined index: login in /home/gfxcom/public_html/subdom/openvk/api/loginInAccount.php on line 5
[05-Jan-2018 18:42:44 UTC] PHP Notice:  Undefined index: loginin in /home/gfxcom/public_html/subdom/openvk/api/loginInAccount.php on line 4
[05-Jan-2018 18:42:44 UTC] PHP Notice:  Undefined index: login in /home/gfxcom/public_html/subdom/openvk/api/loginInAccount.php on line 5
[05-Jan-2018 18:42:44 UTC] PHP Notice:  Undefined variable: user in /home/gfxcom/public_html/subdom/openvk/api/getUserApi2.php on line 13
[05-Jan-2018 18:42:44 UTC] PHP Notice:  Undefined variable: user in /home/gfxcom/public_html/subdom/openvk/api/getUserApi2.php on line 13
[05-Jan-2018 18:42:44 UTC] PHP Notice:  Undefined variable: user in /home/gfxcom/public_html/subdom/openvk/api/getUser.php on line 12
[05-Jan-2018 18:42:44 UTC] PHP Notice:  Undefined index: loginin in /home/gfxcom/public_html/subdom/openvk/api/loginInAccount.php on line 4
[05-Jan-2018 18:42:44 UTC] PHP Notice:  Undefined index: login in /home/gfxcom/public_html/subdom/openvk/api/loginInAccount.php on line 5
[05-Jan-2018 18:42:44 UTC] PHP Notice:  Undefined variable: user in /home/gfxcom/public_html/subdom/openvk/api/getUser.php on line 12
[05-Jan-2018 18:42:45 UTC] PHP Notice:  Undefined variable: user in /home/gfxcom/public_html/subdom/openvk/api/getUserApi2.php on line 13
[05-Jan-2018 18:42:46 UTC] PHP Notice:  Undefined variable: user in /home/gfxcom/public_html/subdom/openvk/api/getUser.php on line 12
[05-Jan-2018 18:47:18 UTC] PHP Notice:  Undefined index: loginin in /home/gfxcom/public_html/subdom/openvk/api/loginInAccount.php on line 4
[05-Jan-2018 18:47:23 UTC] PHP Notice:  Undefined index: loginin in /home/gfxcom/public_html/subdom/openvk/api/loginInAccount.php on line 4
[05-Jan-2018 19:09:21 UTC] PHP Notice:  Undefined index: loginin in /home/gfxcom/public_html/subdom/openvk/api/loginInAccount.php on line 4
[05-Jan-2018 19:26:21 UTC] PHP Notice:  Undefined index: loginin in /home/gfxcom/public_html/subdom/openvk/api/loginInAccount.php on line 4
[05-Jan-2018 19:26:32 UTC] PHP Notice:  Undefined index: loginin in /home/gfxcom/public_html/subdom/openvk/api/loginInAccount.php on line 4
[05-Jan-2018 19:34:07 UTC] PHP Notice:  Undefined index: loginin in /home/gfxcom/public_html/subdom/openvk/api/loginInAccount.php on line 4
[05-Jan-2018 19:34:16 UTC] PHP Notice:  Undefined index: loginin in /home/gfxcom/public_html/subdom/openvk/api/loginInAccount.php on line 4
[05-Jan-2018 19:34:52 UTC] PHP Notice:  Undefined index: loginin in /home/gfxcom/public_html/subdom/openvk/api/loginInAccount.php on line 4
[05-Jan-2018 19:43:41 UTC] PHP Notice:  Undefined index: loginin in /home/gfxcom/public_html/subdom/openvk/api/loginInAccount.php on line 4
[05-Jan-2018 19:43:54 UTC] PHP Notice:  Undefined index: loginin in /home/gfxcom/public_html/subdom/openvk/api/loginInAccount.php on line 4
[05-Jan-2018 19:47:46 UTC] PHP Notice:  Undefined index: loginin in /home/gfxcom/public_html/subdom/openvk/api/loginInAccount.php on line 4
[05-Jan-2018 19:48:03 UTC] PHP Notice:  Undefined index: loginin in /home/gfxcom/public_html/subdom/openvk/api/loginInAccount.php on line 4
[05-Jan-2018 19:48:38 UTC] PHP Notice:  Undefined index: loginin in /home/gfxcom/public_html/subdom/openvk/api/loginInAccount.php on line 4
[05-Jan-2018 19:48:40 UTC] PHP Notice:  Undefined index: loginin in /home/gfxcom/public_html/subdom/openvk/api/loginInAccount.php on line 4
[05-Jan-2018 20:05:52 UTC] PHP Notice:  Undefined index: loginin in /home/gfxcom/public_html/subdom/openvk/api/loginInAccount.php on line 4
[05-Jan-2018 20:05:54 UTC] PHP Notice:  Undefined index: loginin in /home/gfxcom/public_html/subdom/openvk/api/loginInAccount.php on line 4
[05-Jan-2018 20:05:57 UTC] PHP Notice:  Undefined index: loginin in /home/gfxcom/public_html/subdom/openvk/api/loginInAccount.php on line 4
[05-Jan-2018 20:06:23 UTC] PHP Notice:  Undefined index: loginin in /home/gfxcom/public_html/subdom/openvk/api/loginInAccount.php on line 4
[05-Jan-2018 20:20:31 UTC] PHP Notice:  Undefined index: loginin in /home/gfxcom/public_html/subdom/openvk/api/loginInAccount.php on line 4
[05-Jan-2018 20:29:22 UTC] PHP Notice:  Undefined index: loginin in /home/gfxcom/public_html/subdom/openvk/api/loginInAccount.php on line 4
[05-Jan-2018 20:29:24 UTC] PHP Notice:  Undefined index: loginin in /home/gfxcom/public_html/subdom/openvk/api/loginInAccount.php on line 4
[05-Jan-2018 20:29:28 UTC] PHP Notice:  Undefined index: loginin in /home/gfxcom/public_html/subdom/openvk/api/loginInAccount.php on line 4
[05-Jan-2018 20:29:30 UTC] PHP Notice:  Undefined index: loginin in /home/gfxcom/public_html/subdom/openvk/api/loginInAccount.php on line 4
[05-Jan-2018 20:40:56 UTC] PHP Notice:  Undefined index: loginin in /home/gfxcom/public_html/subdom/openvk/api/loginInAccount.php on line 4
[05-Jan-2018 20:41:02 UTC] PHP Notice:  Undefined index: loginin in /home/gfxcom/public_html/subdom/openvk/api/loginInAccount.php on line 4
[05-Jan-2018 20:41:06 UTC] PHP Notice:  Undefined index: loginin in /home/gfxcom/public_html/subdom/openvk/api/loginInAccount.php on line 4
[05-Jan-2018 21:30:32 UTC] PHP Notice:  Undefined variable: user in /home/gfxcom/public_html/subdom/openvk/api/getUser.php on line 12
[05-Jan-2018 21:46:37 UTC] PHP Notice:  Undefined variable: user in /home/gfxcom/public_html/subdom/openvk/api/getUser.php on line 12
[06-Jan-2018 04:15:31 UTC] PHP Notice:  Undefined index: loginin in /home/gfxcom/public_html/subdom/openvk/api/loginInAccount.php on line 4
[06-Jan-2018 10:04:12 UTC] PHP Notice:  Undefined index: loginin in /home/gfxcom/public_html/subdom/openvk/api/loginInAccount.php on line 4
[07-Jan-2018 18:58:28 UTC] PHP Notice:  Undefined variable: user in /home/gfxcom/public_html/subdom/openvk/api/getUser.php on line 12
[11-Jan-2018 09:56:23 UTC] PHP Notice:  Undefined variable: user in /home/gfxcom/public_html/subdom/openvk/api/getUser.php on line 12
[12-Jan-2018 18:42:44 UTC] PHP Notice:  Undefined index: loginin in /home/gfxcom/public_html/subdom/openvk/api/loginInAccount.php on line 4
[12-Jan-2018 18:42:44 UTC] PHP Notice:  Undefined index: login in /home/gfxcom/public_html/subdom/openvk/api/loginInAccount.php on line 5
[12-Jan-2018 18:42:44 UTC] PHP Notice:  Undefined index: loginin in /home/gfxcom/public_html/subdom/openvk/api/loginInAccount.php on line 4
[12-Jan-2018 18:42:44 UTC] PHP Notice:  Undefined index: login in /home/gfxcom/public_html/subdom/openvk/api/loginInAccount.php on line 5
[12-Jan-2018 18:42:44 UTC] PHP Notice:  Undefined variable: user in /home/gfxcom/public_html/subdom/openvk/api/getUserApi2.php on line 13
[12-Jan-2018 18:42:45 UTC] PHP Notice:  Undefined variable: user in /home/gfxcom/public_html/subdom/openvk/api/getUser.php on line 12
[12-Jan-2018 18:42:45 UTC] PHP Notice:  Undefined variable: user in /home/gfxcom/public_html/subdom/openvk/api/getUserApi2.php on line 13
[12-Jan-2018 18:42:45 UTC] PHP Notice:  Undefined index: loginin in /home/gfxcom/public_html/subdom/openvk/api/loginInAccount.php on line 4
[12-Jan-2018 18:42:45 UTC] PHP Notice:  Undefined index: login in /home/gfxcom/public_html/subdom/openvk/api/loginInAccount.php on line 5
[12-Jan-2018 18:42:45 UTC] PHP Notice:  Undefined variable: user in /home/gfxcom/public_html/subdom/openvk/api/getUser.php on line 12
[12-Jan-2018 18:42:46 UTC] PHP Notice:  Undefined variable: user in /home/gfxcom/public_html/subdom/openvk/api/getUserApi2.php on line 13
[12-Jan-2018 18:42:47 UTC] PHP Notice:  Undefined variable: user in /home/gfxcom/public_html/subdom/openvk/api/getUser.php on line 12
[15-Jan-2018 20:07:09 UTC] PHP Notice:  Undefined index: loginin in /home/gfxcom/public_html/subdom/openvk/api/loginInAccount.php on line 4
[18-Jan-2018 04:49:53 UTC] PHP Notice:  Undefined variable: user in /home/gfxcom/public_html/subdom/openvk/api/getUser.php on line 12
[20-Jan-2018 10:50:27 UTC] PHP Notice:  Undefined index: loginin in /home/gfxcom/public_html/subdom/openvk/api/loginInAccount.php on line 4
[20-Jan-2018 10:50:27 UTC] PHP Notice:  Undefined index: login in /home/gfxcom/public_html/subdom/openvk/api/loginInAccount.php on line 5
[20-Jan-2018 10:50:28 UTC] PHP Notice:  Undefined variable: user in /home/gfxcom/public_html/subdom/openvk/api/getUserApi2.php on line 13
[20-Jan-2018 10:50:28 UTC] PHP Notice:  Undefined variable: user in /home/gfxcom/public_html/subdom/openvk/api/getUser.php on line 12
[20-Jan-2018 10:50:33 UTC] PHP Notice:  Undefined index: loginin in /home/gfxcom/public_html/subdom/openvk/api/loginInAccount.php on line 4
[20-Jan-2018 10:50:33 UTC] PHP Notice:  Undefined index: login in /home/gfxcom/public_html/subdom/openvk/api/loginInAccount.php on line 5
[20-Jan-2018 10:50:33 UTC] PHP Notice:  Undefined variable: user in /home/gfxcom/public_html/subdom/openvk/api/getUserApi2.php on line 13
[20-Jan-2018 10:50:33 UTC] PHP Notice:  Undefined variable: user in /home/gfxcom/public_html/subdom/openvk/api/getUser.php on line 12
[20-Jan-2018 10:50:42 UTC] PHP Notice:  Undefined index: loginin in /home/gfxcom/public_html/subdom/openvk/api/loginInAccount.php on line 4
[20-Jan-2018 10:50:42 UTC] PHP Notice:  Undefined index: login in /home/gfxcom/public_html/subdom/openvk/api/loginInAccount.php on line 5
[20-Jan-2018 10:50:43 UTC] PHP Notice:  Undefined variable: user in /home/gfxcom/public_html/subdom/openvk/api/getUserApi2.php on line 13
[20-Jan-2018 10:50:44 UTC] PHP Notice:  Undefined variable: user in /home/gfxcom/public_html/subdom/openvk/api/getUser.php on line 12
[21-Jan-2018 15:53:04 UTC] PHP Notice:  Undefined variable: user in /home/gfxcom/public_html/subdom/openvk/api/getUser.php on line 12
[22-Jan-2018 01:15:53 UTC] PHP Notice:  Undefined variable: user in /home/gfxcom/public_html/subdom/openvk/api/getUserApi2.php on line 13
[22-Jan-2018 02:50:25 UTC] PHP Notice:  Undefined index: loginin in /home/gfxcom/public_html/subdom/openvk/api/loginInAccount.php on line 4
[22-Jan-2018 02:50:25 UTC] PHP Notice:  Undefined index: login in /home/gfxcom/public_html/subdom/openvk/api/loginInAccount.php on line 5
[26-Jan-2018 21:20:02 UTC] PHP Notice:  Undefined index: loginin in /home/gfxcom/public_html/subdom/openvk/api/loginInAccount.php on line 4
[26-Jan-2018 21:20:02 UTC] PHP Notice:  Undefined index: login in /home/gfxcom/public_html/subdom/openvk/api/loginInAccount.php on line 5
[26-Jan-2018 21:20:03 UTC] PHP Notice:  Undefined index: loginin in /home/gfxcom/public_html/subdom/openvk/api/loginInAccount.php on line 4
[26-Jan-2018 21:20:03 UTC] PHP Notice:  Undefined index: login in /home/gfxcom/public_html/subdom/openvk/api/loginInAccount.php on line 5
[26-Jan-2018 21:20:03 UTC] PHP Notice:  Undefined variable: user in /home/gfxcom/public_html/subdom/openvk/api/getUserApi2.php on line 13
[26-Jan-2018 21:20:03 UTC] PHP Notice:  Undefined variable: user in /home/gfxcom/public_html/subdom/openvk/api/getUserApi2.php on line 13
[26-Jan-2018 21:20:03 UTC] PHP Notice:  Undefined index: loginin in /home/gfxcom/public_html/subdom/openvk/api/loginInAccount.php on line 4
[26-Jan-2018 21:20:03 UTC] PHP Notice:  Undefined index: login in /home/gfxcom/public_html/subdom/openvk/api/loginInAccount.php on line 5
[26-Jan-2018 21:20:03 UTC] PHP Notice:  Undefined variable: user in /home/gfxcom/public_html/subdom/openvk/api/getUser.php on line 12
[26-Jan-2018 21:20:04 UTC] PHP Notice:  Undefined variable: user in /home/gfxcom/public_html/subdom/openvk/api/getUser.php on line 12
[26-Jan-2018 21:20:04 UTC] PHP Notice:  Undefined variable: q1 in /home/gfxcom/public_html/subdom/openvk/api/getFrends.php on line 13
[26-Jan-2018 21:20:04 UTC] PHP Fatal error:  Call to a member function fetch() on a non-object in /home/gfxcom/public_html/subdom/openvk/api/getFrends.php on line 13
[26-Jan-2018 21:20:04 UTC] PHP Notice:  Undefined variable: user in /home/gfxcom/public_html/subdom/openvk/api/getUserApi2.php on line 13
[26-Jan-2018 21:20:04 UTC] PHP Notice:  Undefined variable: q1 in /home/gfxcom/public_html/subdom/openvk/api/getFrends.php on line 13
[26-Jan-2018 21:20:04 UTC] PHP Fatal error:  Call to a member function fetch() on a non-object in /home/gfxcom/public_html/subdom/openvk/api/getFrends.php on line 13
[26-Jan-2018 21:20:05 UTC] PHP Notice:  Undefined variable: user in /home/gfxcom/public_html/subdom/openvk/api/getUser.php on line 12
[26-Jan-2018 21:20:06 UTC] PHP Notice:  Undefined variable: q1 in /home/gfxcom/public_html/subdom/openvk/api/getFrends.php on line 13
[26-Jan-2018 21:20:06 UTC] PHP Fatal error:  Call to a member function fetch() on a non-object in /home/gfxcom/public_html/subdom/openvk/api/getFrends.php on line 13
[29-Jan-2018 00:28:00 UTC] PHP Notice:  Undefined variable: q1 in /home/gfxcom/public_html/subdom/openvk/api/getFrends.php on line 13
[29-Jan-2018 00:28:00 UTC] PHP Fatal error:  Call to a member function fetch() on a non-object in /home/gfxcom/public_html/subdom/openvk/api/getFrends.php on line 13
[02-Feb-2018 21:13:48 UTC] PHP Notice:  Undefined index: loginin in /home/gfxcom/public_html/subdom/openvk/api/loginInAccount.php on line 4
[02-Feb-2018 21:13:48 UTC] PHP Notice:  Undefined index: login in /home/gfxcom/public_html/subdom/openvk/api/loginInAccount.php on line 5
[02-Feb-2018 21:13:48 UTC] PHP Notice:  Undefined index: loginin in /home/gfxcom/public_html/subdom/openvk/api/loginInAccount.php on line 4
[02-Feb-2018 21:13:48 UTC] PHP Notice:  Undefined index: login in /home/gfxcom/public_html/subdom/openvk/api/loginInAccount.php on line 5
[02-Feb-2018 21:13:49 UTC] PHP Notice:  Undefined variable: user in /home/gfxcom/public_html/subdom/openvk/api/getUserApi2.php on line 13
[02-Feb-2018 21:13:49 UTC] PHP Notice:  Undefined variable: user in /home/gfxcom/public_html/subdom/openvk/api/getUserApi2.php on line 13
[02-Feb-2018 21:13:49 UTC] PHP Notice:  Undefined variable: user in /home/gfxcom/public_html/subdom/openvk/api/getUser.php on line 12
[02-Feb-2018 21:13:49 UTC] PHP Notice:  Undefined variable: user in /home/gfxcom/public_html/subdom/openvk/api/getUser.php on line 12
[02-Feb-2018 21:13:49 UTC] PHP Notice:  Undefined variable: q1 in /home/gfxcom/public_html/subdom/openvk/api/getFrends.php on line 13
[02-Feb-2018 21:13:49 UTC] PHP Fatal error:  Call to a member function fetch() on a non-object in /home/gfxcom/public_html/subdom/openvk/api/getFrends.php on line 13
[02-Feb-2018 21:13:49 UTC] PHP Notice:  Undefined variable: q1 in /home/gfxcom/public_html/subdom/openvk/api/getFrends.php on line 13
[02-Feb-2018 21:13:49 UTC] PHP Fatal error:  Call to a member function fetch() on a non-object in /home/gfxcom/public_html/subdom/openvk/api/getFrends.php on line 13
[02-Feb-2018 21:13:57 UTC] PHP Notice:  Undefined index: loginin in /home/gfxcom/public_html/subdom/openvk/api/loginInAccount.php on line 4
[02-Feb-2018 21:13:57 UTC] PHP Notice:  Undefined index: login in /home/gfxcom/public_html/subdom/openvk/api/loginInAccount.php on line 5
[02-Feb-2018 21:13:58 UTC] PHP Notice:  Undefined variable: user in /home/gfxcom/public_html/subdom/openvk/api/getUserApi2.php on line 13
[02-Feb-2018 21:13:58 UTC] PHP Notice:  Undefined variable: user in /home/gfxcom/public_html/subdom/openvk/api/getUser.php on line 12
[02-Feb-2018 21:13:59 UTC] PHP Notice:  Undefined variable: q1 in /home/gfxcom/public_html/subdom/openvk/api/getFrends.php on line 13
[02-Feb-2018 21:13:59 UTC] PHP Fatal error:  Call to a member function fetch() on a non-object in /home/gfxcom/public_html/subdom/openvk/api/getFrends.php on line 13
[04-Feb-2018 15:43:31 UTC] PHP Notice:  Undefined variable: user in /home/gfxcom/public_html/subdom/openvk/api/getUser.php on line 12
[08-Feb-2018 19:11:41 UTC] PHP Notice:  Undefined variable: user in /home/gfxcom/public_html/subdom/openvk/api/getUser.php on line 12
[08-Feb-2018 19:11:41 UTC] PHP Notice:  Undefined variable: q1 in /home/gfxcom/public_html/subdom/openvk/api/getFrends.php on line 13
[08-Feb-2018 19:11:41 UTC] PHP Fatal error:  Call to a member function fetch() on a non-object in /home/gfxcom/public_html/subdom/openvk/api/getFrends.php on line 13
[08-Feb-2018 19:11:41 UTC] PHP Notice:  Undefined variable: user in /home/gfxcom/public_html/subdom/openvk/api/getUserApi2.php on line 13
[08-Feb-2018 19:28:21 UTC] PHP Notice:  Undefined variable: user in /home/gfxcom/public_html/subdom/openvk/api/getUser.php on line 12
[08-Feb-2018 19:28:21 UTC] PHP Notice:  Undefined variable: user in /home/gfxcom/public_html/subdom/openvk/api/getUser.php on line 12
[08-Feb-2018 19:28:22 UTC] PHP Notice:  Undefined variable: q1 in /home/gfxcom/public_html/subdom/openvk/api/getFrends.php on line 13
[08-Feb-2018 19:28:22 UTC] PHP Fatal error:  Call to a member function fetch() on a non-object in /home/gfxcom/public_html/subdom/openvk/api/getFrends.php on line 13
[08-Feb-2018 19:28:22 UTC] PHP Notice:  Undefined variable: q1 in /home/gfxcom/public_html/subdom/openvk/api/getFrends.php on line 13
[08-Feb-2018 19:28:22 UTC] PHP Fatal error:  Call to a member function fetch() on a non-object in /home/gfxcom/public_html/subdom/openvk/api/getFrends.php on line 13
[08-Feb-2018 19:28:22 UTC] PHP Notice:  Undefined variable: user in /home/gfxcom/public_html/subdom/openvk/api/getUserApi2.php on line 13
[08-Feb-2018 19:28:22 UTC] PHP Notice:  Undefined variable: user in /home/gfxcom/public_html/subdom/openvk/api/getUserApi2.php on line 13
[08-Feb-2018 19:34:21 UTC] PHP Notice:  Undefined variable: user in /home/gfxcom/public_html/subdom/openvk/api/getUser.php on line 12
[08-Feb-2018 19:34:21 UTC] PHP Notice:  Undefined variable: user in /home/gfxcom/public_html/subdom/openvk/api/getUser.php on line 12
[08-Feb-2018 19:34:35 UTC] PHP Notice:  Undefined variable: user in /home/gfxcom/public_html/subdom/openvk/api/getUserApi2.php on line 13
[08-Feb-2018 19:34:35 UTC] PHP Notice:  Undefined variable: user in /home/gfxcom/public_html/subdom/openvk/api/getUserApi2.php on line 13
[08-Feb-2018 19:34:35 UTC] PHP Notice:  Undefined variable: user in /home/gfxcom/public_html/subdom/openvk/api/getUserApi2.php on line 13
[08-Feb-2018 19:34:35 UTC] PHP Notice:  Undefined variable: user in /home/gfxcom/public_html/subdom/openvk/api/getUserApi2.php on line 13
[08-Feb-2018 19:41:11 UTC] PHP Notice:  Undefined variable: user in /home/gfxcom/public_html/subdom/openvk/api/getUserApi2.php on line 13
[08-Feb-2018 19:41:11 UTC] PHP Notice:  Undefined index: loginin in /home/gfxcom/public_html/subdom/openvk/api/loginInAccount.php on line 4
[08-Feb-2018 19:41:11 UTC] PHP Notice:  Undefined index: login in /home/gfxcom/public_html/subdom/openvk/api/loginInAccount.php on line 5
[08-Feb-2018 19:41:11 UTC] PHP Notice:  Undefined variable: user in /home/gfxcom/public_html/subdom/openvk/api/getUser.php on line 12
[08-Feb-2018 19:41:11 UTC] PHP Notice:  Undefined variable: q1 in /home/gfxcom/public_html/subdom/openvk/api/getFrends.php on line 13
[08-Feb-2018 19:41:11 UTC] PHP Fatal error:  Call to a member function fetch() on a non-object in /home/gfxcom/public_html/subdom/openvk/api/getFrends.php on line 13
